-- ------------------------------------------
-- BehaviorTree is being built using AMENT.
-- ------------------------------------------
-- Found ament_index_cpp: 1.4.0 (/home/benjamin/ros2_humble/install/ament_index_cpp/share/ament_index_cpp/cmake)
-- BTCPP_EXTRA_LIBRARIES: $<BUILD_INTERFACE:ament_index_cpp::ament_index_cpp>;$<BUILD_INTERFACE:/usr/lib/x86_64-linux-gnu/libzmq.so>;$<BUILD_INTERFACE:/usr/lib/x86_64-linux-gnu/libsqlite3.so>
-- BTCPP_LIB_DESTINATION:   lib 
-- BTCPP_INCLUDE_DESTINATION: include 
-- BUILD_TESTING:   ON 
-- Found ament_cmake_gtest: 1.3.6 (/home/benjamin/ros2_humble/install/ament_cmake_gtest/share/ament_cmake_gtest/cmake)
-- Found gtest sources under '/home/benjamin/ros2_humble/install/gtest_vendor/src/gtest_vendor': C++ tests using 'Google Test' will be built
-- Configuring done
-- Generating done
-- Build files have been written to: /home/benjamin/BT_ws/build/behaviortree_cpp
[35m[1mConsolidate compiler generated dependencies of target lexy_file[0m
[35m[1mConsolidate compiler generated dependencies of target gtest[0m
[35m[1mConsolidate compiler generated dependencies of target gtest_main[0m
[35m[1mConsolidate compiler generated dependencies of target minitrace[0m
[  2%] Built target gtest_main
[  3%] [32mBuilding CXX object CMakeFiles/minitrace.dir/3rdparty/minitrace/minitrace.cpp.o[0m
[  4%] Built target lexy_file
[  5%] Built target gtest
[  6%] [32m[1mLinking CXX static library libminitrace.a[0m
[  6%] Built target minitrace
[35m[1mConsolidate compiler generated dependencies of target behaviortree_cpp[0m
[  7%] [32mBuilding CXX object CMakeFiles/behaviortree_cpp.dir/3rdparty/tinyxml2/tinyxml2.cpp.o[0m
[  8%] [32m[1mLinking CXX shared library libbehaviortree_cpp.so[0m
[ 36%] Built target behaviortree_cpp
[35m[1mConsolidate compiler generated dependencies of target crossdoor_nodes_dyn[0m
[35m[1mConsolidate compiler generated dependencies of target bt4_plugin_manifest[0m
[35m[1mConsolidate compiler generated dependencies of target movebase_node_dyn[0m
[35m[1mConsolidate compiler generated dependencies of target bt_sample_nodes[0m
[35m[1mConsolidate compiler generated dependencies of target test_plugin_executor[0m
[35m[1mConsolidate compiler generated dependencies of target dummy_nodes_dyn[0m
[35m[1mConsolidate compiler generated dependencies of target test_plugin_action[0m
[35m[1mConsolidate compiler generated dependencies of target t01_first_tree_dynamic[0m
[ 37%] [32m[1mLinking CXX shared library bin/libmovebase_node_dyn.so[0m
[ 37%] [32mBuilding CXX object sample_nodes/CMakeFiles/crossdoor_nodes_dyn.dir/crossdoor_nodes.cpp.o[0m
[ 38%] [32mBuilding CXX object tools/CMakeFiles/bt4_plugin_manifest.dir/bt_plugin_manifest.cpp.o[0m
[ 38%] [32mBuilding CXX object sample_nodes/CMakeFiles/bt_sample_nodes.dir/crossdoor_nodes.cpp.o[0m
[ 39%] [32m[1mLinking CXX executable test_plugin_executor[0m
[ 39%] [32m[1mLinking CXX shared library bin/libdummy_nodes_dyn.so[0m
[ 40%] [32m[1mLinking CXX executable t01_first_tree_dynamic[0m
[ 41%] [32m[1mLinking CXX shared library test_plugin_action.so[0m
[ 41%] Built target movebase_node_dyn
[ 42%] Built target dummy_nodes_dyn
[ 43%] Built target test_plugin_action
[ 43%] Built target t01_first_tree_dynamic
[ 44%] Built target test_plugin_executor
[ 45%] [32m[1mLinking CXX static library lib/libbt_sample_nodes.a[0m
[ 46%] [32m[1mLinking CXX shared library bin/libcrossdoor_nodes_dyn.so[0m
[ 47%] [32m[1mLinking CXX executable bt4_plugin_manifest[0m
[ 47%] Built target crossdoor_nodes_dyn
[ 49%] Built target bt_sample_nodes
[35m[1mConsolidate compiler generated dependencies of target t08_additional_node_args[0m
[35m[1mConsolidate compiler generated dependencies of target t18_waypoints[0m
[ 49%] Built target bt4_plugin_manifest
[35m[1mConsolidate compiler generated dependencies of target t06_subtree_port_remapping[0m
[35m[1mConsolidate compiler generated dependencies of target t11_groot_howto[0m
[35m[1mConsolidate compiler generated dependencies of target t01_first_tree_static[0m
[35m[1mConsolidate compiler generated dependencies of target t02_basic_ports[0m
[35m[1mConsolidate compiler generated dependencies of target t05_crossdoor[0m
[35m[1mConsolidate compiler generated dependencies of target t16_global_blackboard[0m
[35m[1mConsolidate compiler generated dependencies of target t09_scripting[0m
[35m[1mConsolidate compiler generated dependencies of target t12_default_ports[0m
[35m[1mConsolidate compiler generated dependencies of target t10_observer[0m
[35m[1mConsolidate compiler generated dependencies of target t03_generic_ports[0m
[35m[1mConsolidate compiler generated dependencies of target t04_reactive_sequence[0m
[35m[1mConsolidate compiler generated dependencies of target t07_load_multiple_xml[0m
[35m[1mConsolidate compiler generated dependencies of target t14_subtree_model[0m
[35m[1mConsolidate compiler generated dependencies of target t15_nodes_mocking[0m
[35m[1mConsolidate compiler generated dependencies of target behaviortree_cpp_test[0m
[35m[1mConsolidate compiler generated dependencies of target t13_access_by_ref[0m
[35m[1mConsolidate compiler generated dependencies of target t17_blackboard_backup[0m
[ 50%] [32m[1mLinking CXX executable t08_additional_node_args[0m
[ 51%] [32m[1mLinking CXX executable t06_subtree_port_remapping[0m
[ 52%] [32m[1mLinking CXX executable t12_default_ports[0m
[35m[1mConsolidate compiler generated dependencies of target ex01_wrap_legacy[0m
[ 53%] [32m[1mLinking CXX executable t09_scripting[0m
[ 54%] [32m[1mLinking CXX executable t10_observer[0m
[ 55%] [32m[1mLinking CXX executable t07_load_multiple_xml[0m
[ 56%] [32m[1mLinking CXX executable t18_waypoints[0m
[ 56%] [32m[1mLinking CXX executable t15_nodes_mocking[0m
[ 56%] [32m[1mLinking CXX executable t11_groot_howto[0m
[ 57%] [32m[1mLinking CXX executable t16_global_blackboard[0m
[ 57%] [32m[1mLinking CXX executable t02_basic_ports[0m
[ 57%] [32m[1mLinking CXX executable t13_access_by_ref[0m
[ 57%] [32m[1mLinking CXX executable t04_reactive_sequence[0m
[ 58%] [32m[1mLinking CXX executable t01_first_tree_static[0m
[ 59%] [32m[1mLinking CXX executable t03_generic_ports[0m
[ 59%] [32m[1mLinking CXX executable behaviortree_cpp_test[0m
[ 60%] [32m[1mLinking CXX executable t14_subtree_model[0m
[ 61%] [32m[1mLinking CXX executable t05_crossdoor[0m
[ 62%] [32m[1mLinking CXX executable t17_blackboard_backup[0m
[ 63%] [32m[1mLinking CXX executable ex01_wrap_legacy[0m
[ 63%] Built target t08_additional_node_args
[ 64%] Built target t12_default_ports
[ 65%] Built target t09_scripting
[ 65%] Built target t06_subtree_port_remapping
[ 66%] Built target t11_groot_howto
[ 67%] Built target t13_access_by_ref
[ 68%] Built target t03_generic_ports
[ 69%] Built target t15_nodes_mocking
[ 70%] Built target t18_waypoints
[ 71%] Built target t07_load_multiple_xml
[ 72%] Built target t16_global_blackboard
[35m[1mConsolidate compiler generated dependencies of target ex03_sqlite_log[0m
[ 72%] Built target t10_observer
[ 72%] Built target t01_first_tree_static
[35m[1mConsolidate compiler generated dependencies of target ex02_runtime_ports[0m
[ 73%] Built target t02_basic_ports
[ 74%] Built target t14_subtree_model
[ 75%] Built target t05_crossdoor
[ 76%] Built target t04_reactive_sequence
[ 77%] Built target ex01_wrap_legacy
[ 77%] Built target t17_blackboard_backup
[ 78%] [32mBuilding CXX object examples/CMakeFiles/ex03_sqlite_log.dir/ex03_sqlite_log.cpp.o[0m
[ 79%] [32mBuilding CXX object examples/CMakeFiles/ex02_runtime_ports.dir/ex02_runtime_ports.cpp.o[0m
[ 99%] Built target behaviortree_cpp_test
[ 99%] [32m[1mLinking CXX executable ex02_runtime_ports[0m
[ 99%] Built target ex02_runtime_ports
[100%] [32m[1mLinking CXX executable ex03_sqlite_log[0m
[100%] Built target ex03_sqlite_log
-- Install configuration: "Release"
-- Up-to-date: /home/benjamin/BT_ws/install/behaviortree_cpp/lib/liblexy_file.a
-- Up-to-date: /home/benjamin/BT_ws/install/behaviortree_cpp/lib/cmake/lexy/lexyTargets.cmake
-- Up-to-date: /home/benjamin/BT_ws/install/behaviortree_cpp/lib/cmake/lexy/lexyTargets-release.cmake
-- Up-to-date: /home/benjamin/BT_ws/install/behaviortree_cpp/lib/cmake/lexy/lexyConfig.cmake
-- Up-to-date: /home/benjamin/BT_ws/install/behaviortree_cpp/lib/cmake/lexy/lexyConfigVersion.cmake
-- Up-to-date: /home/benjamin/BT_ws/install/behaviortree_cpp/include/lexy
-- Up-to-date: /home/benjamin/BT_ws/install/behaviortree_cpp/include/lexy/_detail
-- Installing: /home/benjamin/BT_ws/install/behaviortree_cpp/include/lexy/_detail/invoke.hpp
-- Installing: /home/benjamin/BT_ws/install/behaviortree_cpp/include/lexy/_detail/unicode_database.hpp
-- Installing: /home/benjamin/BT_ws/install/behaviortree_cpp/include/lexy/_detail/stateless_lambda.hpp
-- Installing: /home/benjamin/BT_ws/install/behaviortree_cpp/include/lexy/_detail/assert.hpp
-- Installing: /home/benjamin/BT_ws/install/behaviortree_cpp/include/lexy/_detail/string_view.hpp
-- Installing: /home/benjamin/BT_ws/install/behaviortree_cpp/include/lexy/_detail/swar.hpp
-- Installing: /home/benjamin/BT_ws/install/behaviortree_cpp/include/lexy/_detail/memory_resource.hpp
-- Installing: /home/benjamin/BT_ws/install/behaviortree_cpp/include/lexy/_detail/config.hpp
-- Installing: /home/benjamin/BT_ws/install/behaviortree_cpp/include/lexy/_detail/any_ref.hpp
-- Installing: /home/benjamin/BT_ws/install/behaviortree_cpp/include/lexy/_detail/type_name.hpp
-- Installing: /home/benjamin/BT_ws/install/behaviortree_cpp/include/lexy/_detail/buffer_builder.hpp
-- Installing: /home/benjamin/BT_ws/install/behaviortree_cpp/include/lexy/_detail/nttp_string.hpp
-- Installing: /home/benjamin/BT_ws/install/behaviortree_cpp/include/lexy/_detail/integer_sequence.hpp
-- Installing: /home/benjamin/BT_ws/install/behaviortree_cpp/include/lexy/_detail/iterator.hpp
-- Installing: /home/benjamin/BT_ws/install/behaviortree_cpp/include/lexy/_detail/detect.hpp
-- Installing: /home/benjamin/BT_ws/install/behaviortree_cpp/include/lexy/_detail/tuple.hpp
-- Installing: /home/benjamin/BT_ws/install/behaviortree_cpp/include/lexy/_detail/code_point.hpp
-- Installing: /home/benjamin/BT_ws/install/behaviortree_cpp/include/lexy/_detail/lazy_init.hpp
-- Installing: /home/benjamin/BT_ws/install/behaviortree_cpp/include/lexy/_detail/std.hpp
-- Installing: /home/benjamin/BT_ws/install/behaviortree_cpp/include/lexy/input_location.hpp
-- Installing: /home/benjamin/BT_ws/install/behaviortree_cpp/include/lexy/lexeme.hpp
-- Installing: /home/benjamin/BT_ws/install/behaviortree_cpp/include/lexy/encoding.hpp
-- Up-to-date: /home/benjamin/BT_ws/install/behaviortree_cpp/include/lexy/dsl
-- Installing: /home/benjamin/BT_ws/install/behaviortree_cpp/include/lexy/dsl/digit.hpp
-- Installing: /home/benjamin/BT_ws/install/behaviortree_cpp/include/lexy/dsl/byte.hpp
-- Installing: /home/benjamin/BT_ws/install/behaviortree_cpp/include/lexy/dsl/recover.hpp
-- Installing: /home/benjamin/BT_ws/install/behaviortree_cpp/include/lexy/dsl/parse_as.hpp
-- Installing: /home/benjamin/BT_ws/install/behaviortree_cpp/include/lexy/dsl/parse_tree_node.hpp
-- Installing: /home/benjamin/BT_ws/install/behaviortree_cpp/include/lexy/dsl/member.hpp
-- Installing: /home/benjamin/BT_ws/install/behaviortree_cpp/include/lexy/dsl/list.hpp
-- Installing: /home/benjamin/BT_ws/install/behaviortree_cpp/include/lexy/dsl/separator.hpp
-- Installing: /home/benjamin/BT_ws/install/behaviortree_cpp/include/lexy/dsl/whitespace.hpp
-- Installing: /home/benjamin/BT_ws/install/behaviortree_cpp/include/lexy/dsl/bits.hpp
-- Installing: /home/benjamin/BT_ws/install/behaviortree_cpp/include/lexy/dsl/production.hpp
-- Installing: /home/benjamin/BT_ws/install/behaviortree_cpp/include/lexy/dsl/return.hpp
-- Installing: /home/benjamin/BT_ws/install/behaviortree_cpp/include/lexy/dsl/effect.hpp
-- Installing: /home/benjamin/BT_ws/install/behaviortree_cpp/include/lexy/dsl/choice.hpp
-- Installing: /home/benjamin/BT_ws/install/behaviortree_cpp/include/lexy/dsl/error.hpp
-- Installing: /home/benjamin/BT_ws/install/behaviortree_cpp/include/lexy/dsl/eof.hpp
-- Installing: /home/benjamin/BT_ws/install/behaviortree_cpp/include/lexy/dsl/case_folding.hpp
-- Installing: /home/benjamin/BT_ws/install/behaviortree_cpp/include/lexy/dsl/times.hpp
-- Installing: /home/benjamin/BT_ws/install/behaviortree_cpp/include/lexy/dsl/newline.hpp
-- Installing: /home/benjamin/BT_ws/install/behaviortree_cpp/include/lexy/dsl/any.hpp
-- Installing: /home/benjamin/BT_ws/install/behaviortree_cpp/include/lexy/dsl/bom.hpp
-- Installing: /home/benjamin/BT_ws/install/behaviortree_cpp/include/lexy/dsl/if.hpp
-- Installing: /home/benjamin/BT_ws/install/behaviortree_cpp/include/lexy/dsl/repeat.hpp
-- Installing: /home/benjamin/BT_ws/install/behaviortree_cpp/include/lexy/dsl/identifier.hpp
-- Installing: /home/benjamin/BT_ws/install/behaviortree_cpp/include/lexy/dsl/until.hpp
-- Installing: /home/benjamin/BT_ws/install/behaviortree_cpp/include/lexy/dsl/brackets.hpp
-- Installing: /home/benjamin/BT_ws/install/behaviortree_cpp/include/lexy/dsl/operator.hpp
-- Installing: /home/benjamin/BT_ws/install/behaviortree_cpp/include/lexy/dsl/context_counter.hpp
-- Installing: /home/benjamin/BT_ws/install/behaviortree_cpp/include/lexy/dsl/flags.hpp
-- Installing: /home/benjamin/BT_ws/install/behaviortree_cpp/include/lexy/dsl/expression.hpp
-- Installing: /home/benjamin/BT_ws/install/behaviortree_cpp/include/lexy/dsl/delimited.hpp
-- Installing: /home/benjamin/BT_ws/install/behaviortree_cpp/include/lexy/dsl/scan.hpp
-- Installing: /home/benjamin/BT_ws/install/behaviortree_cpp/include/lexy/dsl/ascii.hpp
-- Installing: /home/benjamin/BT_ws/install/behaviortree_cpp/include/lexy/dsl/unicode.hpp
-- Installing: /home/benjamin/BT_ws/install/behaviortree_cpp/include/lexy/dsl/token.hpp
-- Installing: /home/benjamin/BT_ws/install/behaviortree_cpp/include/lexy/dsl/loop.hpp
-- Installing: /home/benjamin/BT_ws/install/behaviortree_cpp/include/lexy/dsl/option.hpp
-- Installing: /home/benjamin/BT_ws/install/behaviortree_cpp/include/lexy/dsl/branch.hpp
-- Installing: /home/benjamin/BT_ws/install/behaviortree_cpp/include/lexy/dsl/sign.hpp
-- Installing: /home/benjamin/BT_ws/install/behaviortree_cpp/include/lexy/dsl/position.hpp
-- Installing: /home/benjamin/BT_ws/install/behaviortree_cpp/include/lexy/dsl/literal.hpp
-- Installing: /home/benjamin/BT_ws/install/behaviortree_cpp/include/lexy/dsl/context_flag.hpp
-- Installing: /home/benjamin/BT_ws/install/behaviortree_cpp/include/lexy/dsl/capture.hpp
-- Installing: /home/benjamin/BT_ws/install/behaviortree_cpp/include/lexy/dsl/sequence.hpp
-- Installing: /home/benjamin/BT_ws/install/behaviortree_cpp/include/lexy/dsl/symbol.hpp
-- Installing: /home/benjamin/BT_ws/install/behaviortree_cpp/include/lexy/dsl/follow.hpp
-- Installing: /home/benjamin/BT_ws/install/behaviortree_cpp/include/lexy/dsl/lookahead.hpp
-- Installing: /home/benjamin/BT_ws/install/behaviortree_cpp/include/lexy/dsl/terminator.hpp
-- Installing: /home/benjamin/BT_ws/install/behaviortree_cpp/include/lexy/dsl/integer.hpp
-- Installing: /home/benjamin/BT_ws/install/behaviortree_cpp/include/lexy/dsl/combination.hpp
-- Installing: /home/benjamin/BT_ws/install/behaviortree_cpp/include/lexy/dsl/subgrammar.hpp
-- Installing: /home/benjamin/BT_ws/install/behaviortree_cpp/include/lexy/dsl/peek.hpp
-- Installing: /home/benjamin/BT_ws/install/behaviortree_cpp/include/lexy/dsl/code_point.hpp
-- Installing: /home/benjamin/BT_ws/install/behaviortree_cpp/include/lexy/dsl/context_identifier.hpp
-- Installing: /home/benjamin/BT_ws/install/behaviortree_cpp/include/lexy/dsl/char_class.hpp
-- Installing: /home/benjamin/BT_ws/install/behaviortree_cpp/include/lexy/dsl/base.hpp
-- Installing: /home/benjamin/BT_ws/install/behaviortree_cpp/include/lexy/dsl/punctuator.hpp
-- Installing: /home/benjamin/BT_ws/install/behaviortree_cpp/include/lexy/parse_tree.hpp
-- Installing: /home/benjamin/BT_ws/install/behaviortree_cpp/include/lexy/grammar.hpp
-- Up-to-date: /home/benjamin/BT_ws/install/behaviortree_cpp/include/lexy/action
-- Installing: /home/benjamin/BT_ws/install/behaviortree_cpp/include/lexy/action/trace.hpp
-- Installing: /home/benjamin/BT_ws/install/behaviortree_cpp/include/lexy/action/parse.hpp
-- Installing: /home/benjamin/BT_ws/install/behaviortree_cpp/include/lexy/action/match.hpp
-- Installing: /home/benjamin/BT_ws/install/behaviortree_cpp/include/lexy/action/scan.hpp
-- Installing: /home/benjamin/BT_ws/install/behaviortree_cpp/include/lexy/action/parse_as_tree.hpp
-- Installing: /home/benjamin/BT_ws/install/behaviortree_cpp/include/lexy/action/validate.hpp
-- Installing: /home/benjamin/BT_ws/install/behaviortree_cpp/include/lexy/action/base.hpp
-- Installing: /home/benjamin/BT_ws/install/behaviortree_cpp/include/lexy/error.hpp
-- Up-to-date: /home/benjamin/BT_ws/install/behaviortree_cpp/include/lexy/callback
-- Installing: /home/benjamin/BT_ws/install/behaviortree_cpp/include/lexy/callback/noop.hpp
-- Installing: /home/benjamin/BT_ws/install/behaviortree_cpp/include/lexy/callback/container.hpp
-- Installing: /home/benjamin/BT_ws/install/behaviortree_cpp/include/lexy/callback/bind.hpp
-- Installing: /home/benjamin/BT_ws/install/behaviortree_cpp/include/lexy/callback/adapter.hpp
-- Installing: /home/benjamin/BT_ws/install/behaviortree_cpp/include/lexy/callback/string.hpp
-- Installing: /home/benjamin/BT_ws/install/behaviortree_cpp/include/lexy/callback/aggregate.hpp
-- Installing: /home/benjamin/BT_ws/install/behaviortree_cpp/include/lexy/callback/composition.hpp
-- Installing: /home/benjamin/BT_ws/install/behaviortree_cpp/include/lexy/callback/constant.hpp
-- Installing: /home/benjamin/BT_ws/install/behaviortree_cpp/include/lexy/callback/object.hpp
-- Installing: /home/benjamin/BT_ws/install/behaviortree_cpp/include/lexy/callback/fold.hpp
-- Installing: /home/benjamin/BT_ws/install/behaviortree_cpp/include/lexy/callback/bit_cast.hpp
-- Installing: /home/benjamin/BT_ws/install/behaviortree_cpp/include/lexy/callback/forward.hpp
-- Installing: /home/benjamin/BT_ws/install/behaviortree_cpp/include/lexy/callback/integer.hpp
-- Installing: /home/benjamin/BT_ws/install/behaviortree_cpp/include/lexy/callback/base.hpp
-- Installing: /home/benjamin/BT_ws/install/behaviortree_cpp/include/lexy/visualize.hpp
-- Up-to-date: /home/benjamin/BT_ws/install/behaviortree_cpp/include/lexy/input
-- Installing: /home/benjamin/BT_ws/install/behaviortree_cpp/include/lexy/input/file.hpp
-- Installing: /home/benjamin/BT_ws/install/behaviortree_cpp/include/lexy/input/lexeme_input.hpp
-- Installing: /home/benjamin/BT_ws/install/behaviortree_cpp/include/lexy/input/parse_tree_input.hpp
-- Installing: /home/benjamin/BT_ws/install/behaviortree_cpp/include/lexy/input/range_input.hpp
-- Installing: /home/benjamin/BT_ws/install/behaviortree_cpp/include/lexy/input/string_input.hpp
-- Installing: /home/benjamin/BT_ws/install/behaviortree_cpp/include/lexy/input/buffer.hpp
-- Installing: /home/benjamin/BT_ws/install/behaviortree_cpp/include/lexy/input/argv_input.hpp
-- Installing: /home/benjamin/BT_ws/install/behaviortree_cpp/include/lexy/input/base.hpp
-- Installing: /home/benjamin/BT_ws/install/behaviortree_cpp/include/lexy/dsl.hpp
-- Installing: /home/benjamin/BT_ws/install/behaviortree_cpp/include/lexy/token.hpp
-- Installing: /home/benjamin/BT_ws/install/behaviortree_cpp/include/lexy/callback.hpp
-- Installing: /home/benjamin/BT_ws/install/behaviortree_cpp/include/lexy/code_point.hpp
-- Up-to-date: /home/benjamin/BT_ws/install/behaviortree_cpp/include/lexy_ext
-- Installing: /home/benjamin/BT_ws/install/behaviortree_cpp/include/lexy_ext/report_error.hpp
-- Installing: /home/benjamin/BT_ws/install/behaviortree_cpp/include/lexy_ext/parse_tree_doctest.hpp
-- Installing: /home/benjamin/BT_ws/install/behaviortree_cpp/include/lexy_ext/parse_tree_algorithm.hpp
-- Installing: /home/benjamin/BT_ws/install/behaviortree_cpp/include/lexy_ext/shell.hpp
-- Installing: /home/benjamin/BT_ws/install/behaviortree_cpp/include/lexy_ext/compiler_explorer.hpp
-- Installing: /home/benjamin/BT_ws/install/behaviortree_cpp/share/behaviortree_cpp/bt_plugins/libcrossdoor_nodes_dyn.so
-- Set runtime path of "/home/benjamin/BT_ws/install/behaviortree_cpp/share/behaviortree_cpp/bt_plugins/libcrossdoor_nodes_dyn.so" to ""
-- Installing: /home/benjamin/BT_ws/install/behaviortree_cpp/share/behaviortree_cpp/bt_plugins/libdummy_nodes_dyn.so
-- Set runtime path of "/home/benjamin/BT_ws/install/behaviortree_cpp/share/behaviortree_cpp/bt_plugins/libdummy_nodes_dyn.so" to ""
-- Installing: /home/benjamin/BT_ws/install/behaviortree_cpp/share/behaviortree_cpp/bt_plugins/libmovebase_node_dyn.so
-- Set runtime path of "/home/benjamin/BT_ws/install/behaviortree_cpp/share/behaviortree_cpp/bt_plugins/libmovebase_node_dyn.so" to ""
-- Installing: /home/benjamin/BT_ws/install/behaviortree_cpp/bin/bt4_plugin_manifest
-- Set runtime path of "/home/benjamin/BT_ws/install/behaviortree_cpp/bin/bt4_plugin_manifest" to ""
-- Installing: /home/benjamin/BT_ws/install/behaviortree_cpp/lib/libbehaviortree_cpp.so
-- Set runtime path of "/home/benjamin/BT_ws/install/behaviortree_cpp/lib/libbehaviortree_cpp.so" to ""
-- Up-to-date: /home/benjamin/BT_ws/install/behaviortree_cpp/include
-- Up-to-date: /home/benjamin/BT_ws/install/behaviortree_cpp/include/behaviortree_cpp
-- Installing: /home/benjamin/BT_ws/install/behaviortree_cpp/include/behaviortree_cpp/tree_node.h
-- Installing: /home/benjamin/BT_ws/install/behaviortree_cpp/include/behaviortree_cpp/leaf_node.h
-- Installing: /home/benjamin/BT_ws/install/behaviortree_cpp/include/behaviortree_cpp/condition_node.h
-- Installing: /home/benjamin/BT_ws/install/behaviortree_cpp/include/behaviortree_cpp/blackboard.h
-- Installing: /home/benjamin/BT_ws/install/behaviortree_cpp/include/behaviortree_cpp/xml_parsing.h
-- Installing: /home/benjamin/BT_ws/install/behaviortree_cpp/include/behaviortree_cpp/control_node.h
-- Up-to-date: /home/benjamin/BT_ws/install/behaviortree_cpp/include/behaviortree_cpp/utils
-- Installing: /home/benjamin/BT_ws/install/behaviortree_cpp/include/behaviortree_cpp/utils/wakeup_signal.hpp
-- Installing: /home/benjamin/BT_ws/install/behaviortree_cpp/include/behaviortree_cpp/utils/demangle_util.h
-- Installing: /home/benjamin/BT_ws/install/behaviortree_cpp/include/behaviortree_cpp/utils/strcat.hpp
-- Installing: /home/benjamin/BT_ws/install/behaviortree_cpp/include/behaviortree_cpp/utils/signal.h
-- Installing: /home/benjamin/BT_ws/install/behaviortree_cpp/include/behaviortree_cpp/utils/convert_impl.hpp
-- Installing: /home/benjamin/BT_ws/install/behaviortree_cpp/include/behaviortree_cpp/utils/safe_any.hpp
-- Installing: /home/benjamin/BT_ws/install/behaviortree_cpp/include/behaviortree_cpp/utils/shared_library.h
-- Installing: /home/benjamin/BT_ws/install/behaviortree_cpp/include/behaviortree_cpp/utils/timer_queue.h
-- Installing: /home/benjamin/BT_ws/install/behaviortree_cpp/include/behaviortree_cpp/utils/simple_string.hpp
-- Installing: /home/benjamin/BT_ws/install/behaviortree_cpp/include/behaviortree_cpp/utils/platform.hpp
-- Installing: /home/benjamin/BT_ws/install/behaviortree_cpp/include/behaviortree_cpp/utils/locked_reference.hpp
-- Up-to-date: /home/benjamin/BT_ws/install/behaviortree_cpp/include/behaviortree_cpp/contrib
-- Installing: /home/benjamin/BT_ws/install/behaviortree_cpp/include/behaviortree_cpp/contrib/json.hpp
-- Installing: /home/benjamin/BT_ws/install/behaviortree_cpp/include/behaviortree_cpp/contrib/expected.hpp
-- Installing: /home/benjamin/BT_ws/install/behaviortree_cpp/include/behaviortree_cpp/contrib/any.hpp
-- Installing: /home/benjamin/BT_ws/install/behaviortree_cpp/include/behaviortree_cpp/contrib/magic_enum.hpp
-- Up-to-date: /home/benjamin/BT_ws/install/behaviortree_cpp/include/behaviortree_cpp/controls
-- Installing: /home/benjamin/BT_ws/install/behaviortree_cpp/include/behaviortree_cpp/controls/reactive_sequence.h
-- Installing: /home/benjamin/BT_ws/install/behaviortree_cpp/include/behaviortree_cpp/controls/fallback_node.h
-- Installing: /home/benjamin/BT_ws/install/behaviortree_cpp/include/behaviortree_cpp/controls/reactive_fallback.h
-- Installing: /home/benjamin/BT_ws/install/behaviortree_cpp/include/behaviortree_cpp/controls/parallel_node.h
-- Installing: /home/benjamin/BT_ws/install/behaviortree_cpp/include/behaviortree_cpp/controls/parallel_all_node.h
-- Installing: /home/benjamin/BT_ws/install/behaviortree_cpp/include/behaviortree_cpp/controls/manual_node.h
-- Installing: /home/benjamin/BT_ws/install/behaviortree_cpp/include/behaviortree_cpp/controls/if_then_else_node.h
-- Installing: /home/benjamin/BT_ws/install/behaviortree_cpp/include/behaviortree_cpp/controls/sequence_with_memory_node.h
-- Installing: /home/benjamin/BT_ws/install/behaviortree_cpp/include/behaviortree_cpp/controls/sequence_node.h
-- Installing: /home/benjamin/BT_ws/install/behaviortree_cpp/include/behaviortree_cpp/controls/while_do_else_node.h
-- Installing: /home/benjamin/BT_ws/install/behaviortree_cpp/include/behaviortree_cpp/controls/switch_node.h
-- Up-to-date: /home/benjamin/BT_ws/install/behaviortree_cpp/include/behaviortree_cpp/decorators
-- Installing: /home/benjamin/BT_ws/install/behaviortree_cpp/include/behaviortree_cpp/decorators/force_failure_node.h
-- Installing: /home/benjamin/BT_ws/install/behaviortree_cpp/include/behaviortree_cpp/decorators/force_success_node.h
-- Installing: /home/benjamin/BT_ws/install/behaviortree_cpp/include/behaviortree_cpp/decorators/loop_node.h
-- Installing: /home/benjamin/BT_ws/install/behaviortree_cpp/include/behaviortree_cpp/decorators/retry_node.h
-- Installing: /home/benjamin/BT_ws/install/behaviortree_cpp/include/behaviortree_cpp/decorators/updated_decorator.h
-- Installing: /home/benjamin/BT_ws/install/behaviortree_cpp/include/behaviortree_cpp/decorators/script_precondition.h
-- Installing: /home/benjamin/BT_ws/install/behaviortree_cpp/include/behaviortree_cpp/decorators/repeat_node.h
-- Installing: /home/benjamin/BT_ws/install/behaviortree_cpp/include/behaviortree_cpp/decorators/delay_node.h
-- Installing: /home/benjamin/BT_ws/install/behaviortree_cpp/include/behaviortree_cpp/decorators/timeout_node.h
-- Installing: /home/benjamin/BT_ws/install/behaviortree_cpp/include/behaviortree_cpp/decorators/consume_queue.h
-- Installing: /home/benjamin/BT_ws/install/behaviortree_cpp/include/behaviortree_cpp/decorators/inverter_node.h
-- Installing: /home/benjamin/BT_ws/install/behaviortree_cpp/include/behaviortree_cpp/decorators/run_once_node.h
-- Installing: /home/benjamin/BT_ws/install/behaviortree_cpp/include/behaviortree_cpp/decorators/subtree_node.h
-- Installing: /home/benjamin/BT_ws/install/behaviortree_cpp/include/behaviortree_cpp/decorators/keep_running_until_failure_node.h
-- Installing: /home/benjamin/BT_ws/install/behaviortree_cpp/include/behaviortree_cpp/json_export.h
-- Installing: /home/benjamin/BT_ws/install/behaviortree_cpp/include/behaviortree_cpp/behavior_tree.h
-- Installing: /home/benjamin/BT_ws/install/behaviortree_cpp/include/behaviortree_cpp/exceptions.h
-- Installing: /home/benjamin/BT_ws/install/behaviortree_cpp/include/behaviortree_cpp/bt_parser.h
-- Up-to-date: /home/benjamin/BT_ws/install/behaviortree_cpp/include/behaviortree_cpp/flatbuffers
-- Installing: /home/benjamin/BT_ws/install/behaviortree_cpp/include/behaviortree_cpp/flatbuffers/bt_flatbuffer_helper.h
-- Up-to-date: /home/benjamin/BT_ws/install/behaviortree_cpp/include/behaviortree_cpp/scripting
-- Installing: /home/benjamin/BT_ws/install/behaviortree_cpp/include/behaviortree_cpp/scripting/operators.hpp
-- Installing: /home/benjamin/BT_ws/install/behaviortree_cpp/include/behaviortree_cpp/scripting/script_parser.hpp
-- Installing: /home/benjamin/BT_ws/install/behaviortree_cpp/include/behaviortree_cpp/scripting/any_types.hpp
-- Up-to-date: /home/benjamin/BT_ws/install/behaviortree_cpp/include/behaviortree_cpp/actions
-- Installing: /home/benjamin/BT_ws/install/behaviortree_cpp/include/behaviortree_cpp/actions/unset_blackboard_node.h
-- Installing: /home/benjamin/BT_ws/install/behaviortree_cpp/include/behaviortree_cpp/actions/always_failure_node.h
-- Installing: /home/benjamin/BT_ws/install/behaviortree_cpp/include/behaviortree_cpp/actions/sleep_node.h
-- Installing: /home/benjamin/BT_ws/install/behaviortree_cpp/include/behaviortree_cpp/actions/updated_action.h
-- Installing: /home/benjamin/BT_ws/install/behaviortree_cpp/include/behaviortree_cpp/actions/set_blackboard_node.h
-- Installing: /home/benjamin/BT_ws/install/behaviortree_cpp/include/behaviortree_cpp/actions/pop_from_queue.hpp
-- Installing: /home/benjamin/BT_ws/install/behaviortree_cpp/include/behaviortree_cpp/actions/test_node.h
-- Installing: /home/benjamin/BT_ws/install/behaviortree_cpp/include/behaviortree_cpp/actions/always_success_node.h
-- Installing: /home/benjamin/BT_ws/install/behaviortree_cpp/include/behaviortree_cpp/actions/script_condition.h
-- Installing: /home/benjamin/BT_ws/install/behaviortree_cpp/include/behaviortree_cpp/actions/script_node.h
-- Installing: /home/benjamin/BT_ws/install/behaviortree_cpp/include/behaviortree_cpp/basic_types.h
-- Installing: /home/benjamin/BT_ws/install/behaviortree_cpp/include/behaviortree_cpp/decorator_node.h
-- Installing: /home/benjamin/BT_ws/install/behaviortree_cpp/include/behaviortree_cpp/bt_factory.h
-- Up-to-date: /home/benjamin/BT_ws/install/behaviortree_cpp/include/behaviortree_cpp/loggers
-- Installing: /home/benjamin/BT_ws/install/behaviortree_cpp/include/behaviortree_cpp/loggers/bt_file_logger_v2.h
-- Installing: /home/benjamin/BT_ws/install/behaviortree_cpp/include/behaviortree_cpp/loggers/bt_minitrace_logger.h
-- Installing: /home/benjamin/BT_ws/install/behaviortree_cpp/include/behaviortree_cpp/loggers/groot2_protocol.h
-- Installing: /home/benjamin/BT_ws/install/behaviortree_cpp/include/behaviortree_cpp/loggers/bt_sqlite_logger.h
-- Installing: /home/benjamin/BT_ws/install/behaviortree_cpp/include/behaviortree_cpp/loggers/bt_cout_logger.h
-- Installing: /home/benjamin/BT_ws/install/behaviortree_cpp/include/behaviortree_cpp/loggers/groot2_publisher.h
-- Installing: /home/benjamin/BT_ws/install/behaviortree_cpp/include/behaviortree_cpp/loggers/abstract_logger.h
-- Installing: /home/benjamin/BT_ws/install/behaviortree_cpp/include/behaviortree_cpp/loggers/bt_observer.h
-- Installing: /home/benjamin/BT_ws/install/behaviortree_cpp/include/behaviortree_cpp/action_node.h
-- Installing: /home/benjamin/BT_ws/install/behaviortree_cpp/share/behaviortree_cpp/environment/library_path.sh
-- Installing: /home/benjamin/BT_ws/install/behaviortree_cpp/share/behaviortree_cpp/environment/library_path.dsv
-- Up-to-date: /home/benjamin/BT_ws/install/behaviortree_cpp/share/ament_index/resource_index/package_run_dependencies/behaviortree_cpp
-- Installing: /home/benjamin/BT_ws/install/behaviortree_cpp/share/ament_index/resource_index/parent_prefix_path/behaviortree_cpp
-- Installing: /home/benjamin/BT_ws/install/behaviortree_cpp/share/behaviortree_cpp/environment/ament_prefix_path.dsv
-- Installing: /home/benjamin/BT_ws/install/behaviortree_cpp/share/behaviortree_cpp/environment/path.dsv
-- Up-to-date: /home/benjamin/BT_ws/install/behaviortree_cpp/share/behaviortree_cpp/local_setup.bash
-- Up-to-date: /home/benjamin/BT_ws/install/behaviortree_cpp/share/behaviortree_cpp/local_setup.sh
-- Up-to-date: /home/benjamin/BT_ws/install/behaviortree_cpp/share/behaviortree_cpp/local_setup.zsh
-- Installing: /home/benjamin/BT_ws/install/behaviortree_cpp/share/behaviortree_cpp/local_setup.dsv
-- Installing: /home/benjamin/BT_ws/install/behaviortree_cpp/share/behaviortree_cpp/package.dsv
-- Up-to-date: /home/benjamin/BT_ws/install/behaviortree_cpp/share/ament_index/resource_index/packages/behaviortree_cpp
-- Up-to-date: /home/benjamin/BT_ws/install/behaviortree_cpp/share/behaviortree_cpp/cmake/behaviortree_cppTargetsExport.cmake
-- Up-to-date: /home/benjamin/BT_ws/install/behaviortree_cpp/share/behaviortree_cpp/cmake/behaviortree_cppTargetsExport-release.cmake
-- Up-to-date: /home/benjamin/BT_ws/install/behaviortree_cpp/share/behaviortree_cpp/cmake/ament_cmake_export_dependencies-extras.cmake
-- Up-to-date: /home/benjamin/BT_ws/install/behaviortree_cpp/share/behaviortree_cpp/cmake/ament_cmake_export_include_directories-extras.cmake
-- Up-to-date: /home/benjamin/BT_ws/install/behaviortree_cpp/share/behaviortree_cpp/cmake/ament_cmake_export_libraries-extras.cmake
-- Up-to-date: /home/benjamin/BT_ws/install/behaviortree_cpp/share/behaviortree_cpp/cmake/ament_cmake_export_targets-extras.cmake
-- Up-to-date: /home/benjamin/BT_ws/install/behaviortree_cpp/share/behaviortree_cpp/cmake/behaviortree_cppConfig.cmake
-- Up-to-date: /home/benjamin/BT_ws/install/behaviortree_cpp/share/behaviortree_cpp/cmake/behaviortree_cppConfig-version.cmake
-- Installing: /home/benjamin/BT_ws/install/behaviortree_cpp/share/behaviortree_cpp/package.xml
