-- The C compiler identification is GNU 11.4.0
-- The CXX compiler identification is GNU 11.4.0
-- Detecting C compiler ABI info
-- Detecting C compiler ABI info - done
-- Check for working C compiler: /usr/bin/cc - skipped
-- Detecting C compile features
-- Detecting C compile features - done
-- Detecting CXX compiler ABI info
-- Detecting CXX compiler ABI info - done
-- Check for working CXX compiler: /usr/bin/c++ - skipped
-- Detecting CXX compile features
-- Detecting CXX compile features - done
-- Looking for pthread.h
-- Looking for pthread.h - found
-- Performing Test CMAKE_HAVE_LIBC_PTHREAD
-- Performing Test CMAKE_HAVE_LIBC_PTHREAD - Success
-- Found Threads: TRUE  
-- Configuring done
-- Generating done
-- Build files have been written to: /home/benjamin/BT_ws/build/simple_bt
[ 33%] [32mBuilding CXX object CMakeFiles/simple_bt.dir/simple_bt.cpp.o[0m
[ 66%] [32mBuilding CXX object CMakeFiles/simple_bt.dir/bt_ros2.cpp.o[0m
[01m[K/home/benjamin/BT_ws/src/simple_bt/bt_ros2.cpp:1:10:[m[K [01;31m[Kfatal error: [m[Kbehaviortree_ros2/bt_action_node.hpp: No such file or directory
    1 | #include [01;31m[K<behaviortree_ros2/bt_action_node.hpp>[m[K
      |          [01;31m[K^~~~~~~~~~~~~~~~~~~~~~~~~~~~~~~~~~~~~~[m[K
compilation terminated.
gmake[2]: *** [CMakeFiles/simple_bt.dir/build.make:90: CMakeFiles/simple_bt.dir/bt_ros2.cpp.o] Error 1
gmake[2]: *** Waiting for unfinished jobs....
gmake[1]: *** [CMakeFiles/Makefile2:83: CMakeFiles/simple_bt.dir/all] Error 2
gmake: *** [Makefile:91: all] Error 2
