-- Found ament_cmake: 1.3.6 (/home/benjamin/ros2_humble/install/ament_cmake/share/ament_cmake/cmake)
-- Found ament_lint_auto: 0.12.9 (/home/benjamin/ros2_humble/install/ament_lint_auto/share/ament_lint_auto/cmake)
-- Added test 'cppcheck' to perform static code analysis on C / C++ code
-- Configured cppcheck include dirs: 
-- Configured cppcheck exclude dirs and/or files: 
-- Added test 'lint_cmake' to check CMake code style
-- Added test 'uncrustify' to check C / C++ code style
-- Configured uncrustify additional arguments: 
-- Added test 'xmllint' to check XML markup files
-- Configuring done
-- Generating done
-- Build files have been written to: /home/benjamin/BT_ws/build/my_behavior_tree
-- Install configuration: ""
-- Installing: /home/benjamin/BT_ws/install/my_behavior_tree/share/ament_index/resource_index/package_run_dependencies/my_behavior_tree
-- Installing: /home/benjamin/BT_ws/install/my_behavior_tree/share/ament_index/resource_index/parent_prefix_path/my_behavior_tree
-- Installing: /home/benjamin/BT_ws/install/my_behavior_tree/share/my_behavior_tree/environment/ament_prefix_path.sh
-- Installing: /home/benjamin/BT_ws/install/my_behavior_tree/share/my_behavior_tree/environment/ament_prefix_path.dsv
-- Installing: /home/benjamin/BT_ws/install/my_behavior_tree/share/my_behavior_tree/environment/path.sh
-- Installing: /home/benjamin/BT_ws/install/my_behavior_tree/share/my_behavior_tree/environment/path.dsv
-- Installing: /home/benjamin/BT_ws/install/my_behavior_tree/share/my_behavior_tree/local_setup.bash
-- Installing: /home/benjamin/BT_ws/install/my_behavior_tree/share/my_behavior_tree/local_setup.sh
-- Installing: /home/benjamin/BT_ws/install/my_behavior_tree/share/my_behavior_tree/local_setup.zsh
-- Installing: /home/benjamin/BT_ws/install/my_behavior_tree/share/my_behavior_tree/local_setup.dsv
-- Installing: /home/benjamin/BT_ws/install/my_behavior_tree/share/my_behavior_tree/package.dsv
-- Installing: /home/benjamin/BT_ws/install/my_behavior_tree/share/ament_index/resource_index/packages/my_behavior_tree
-- Installing: /home/benjamin/BT_ws/install/my_behavior_tree/share/my_behavior_tree/cmake/my_behavior_treeConfig.cmake
-- Installing: /home/benjamin/BT_ws/install/my_behavior_tree/share/my_behavior_tree/cmake/my_behavior_treeConfig-version.cmake
-- Installing: /home/benjamin/BT_ws/install/my_behavior_tree/share/my_behavior_tree/package.xml
