[0.059s] Invoking command in '/home/benjamin/BT_ws/build/actions_ros2_clients': /usr/bin/cmake /home/benjamin/BT_ws/src/actions_ros2_clients -DCMAKE_INSTALL_PREFIX=/home/benjamin/BT_ws/install/actions_ros2_clients
[0.413s] -- The C compiler identification is GNU 11.4.0
[0.532s] -- The CXX compiler identification is GNU 11.4.0
[0.573s] -- Detecting C compiler ABI info
[0.804s] -- Detecting C compiler ABI info - done
[0.810s] -- Check for working C compiler: /usr/bin/cc - skipped
[0.812s] -- Detecting C compile features
[0.814s] -- Detecting C compile features - done
[0.823s] -- Detecting CXX compiler ABI info
[1.063s] -- Detecting CXX compiler ABI info - done
[1.069s] -- Check for working CXX compiler: /usr/bin/c++ - skipped
[1.069s] -- Detecting CXX compile features
[1.070s] -- Detecting CXX compile features - done
[1.094s] -- Found ament_cmake: 1.3.6 (/home/benjamin/ros2_humble/install/ament_cmake/share/ament_cmake/cmake)
[1.541s] -- Found Python3: /usr/bin/python3.10 (found version "3.10.12") found components: Interpreter 
[2.017s] -- Found rclcpp: 16.0.7 (/home/benjamin/ros2_humble/install/rclcpp/share/rclcpp/cmake)
[2.307s] -- Found rosidl_generator_c: 3.1.5 (/home/benjamin/ros2_humble/install/rosidl_generator_c/share/rosidl_generator_c/cmake)
[2.349s] -- Found rosidl_adapter: 3.1.5 (/home/benjamin/ros2_humble/install/rosidl_adapter/share/rosidl_adapter/cmake)
[2.411s] -- Found rosidl_generator_cpp: 3.1.5 (/home/benjamin/ros2_humble/install/rosidl_generator_cpp/share/rosidl_generator_cpp/cmake)
[2.503s] -- Using all available rosidl_typesupport_c: rosidl_typesupport_introspection_c;rosidl_typesupport_fastrtps_c
[2.615s] -- Using all available rosidl_typesupport_cpp: rosidl_typesupport_introspection_cpp;rosidl_typesupport_fastrtps_cpp
[2.915s] -- Found rmw_implementation_cmake: 6.1.1 (/home/benjamin/ros2_humble/install/rmw_implementation_cmake/share/rmw_implementation_cmake/cmake)
[2.962s] -- Found rmw_fastrtps_cpp: 6.2.5 (/home/benjamin/ros2_humble/install/rmw_fastrtps_cpp/share/rmw_fastrtps_cpp/cmake)
[3.400s] -- Found OpenSSL: /usr/lib/x86_64-linux-gnu/libcrypto.so (found version "3.0.2")  
[3.466s] -- Found FastRTPS: /home/benjamin/ros2_humble/install/fastrtps/include  
[3.594s] -- Using RMW implementation 'rmw_fastrtps_cpp' as default
[3.671s] -- Looking for pthread.h
[3.947s] -- Looking for pthread.h - found
[3.947s] -- Performing Test CMAKE_HAVE_LIBC_PTHREAD
[4.184s] -- Performing Test CMAKE_HAVE_LIBC_PTHREAD - Success
[4.184s] -- Found Threads: TRUE  
[4.461s] -- Found rclcpp_action: 16.0.7 (/home/benjamin/ros2_humble/install/rclcpp_action/share/rclcpp_action/cmake)
[4.653s] -- Found moveit_msgs: 2.2.1 (/opt/ros/humble/share/moveit_msgs/cmake)
[5.457s] -- Found ament_lint_auto: 0.12.9 (/home/benjamin/ros2_humble/install/ament_lint_auto/share/ament_lint_auto/cmake)
[5.545s] Error parsing '/home/benjamin/BT_ws/src/actions_ros2_clients/package.xml':
[5.666s] Traceback (most recent call last):
[5.666s]   File "/home/benjamin/ros2_humble/install/ament_cmake_core/share/ament_cmake_core/cmake/core/package_xml_2_cmake.py", line 150, in <module>
[5.667s]     main()
[5.667s]   File "/home/benjamin/ros2_humble/install/ament_cmake_core/share/ament_cmake_core/cmake/core/package_xml_2_cmake.py", line 53, in main
[5.667s]     raise e
[5.667s]   File "/home/benjamin/ros2_humble/install/ament_cmake_core/share/ament_cmake_core/cmake/core/package_xml_2_cmake.py", line 49, in main
[5.667s]     package = parse_package_string(
[5.667s]   File "/usr/lib/python3/dist-packages/catkin_pkg/package.py", line 786, in parse_package_string
[5.670s]     raise InvalidPackage('Error(s):%s' % (''.join(['\n- %s' % e for e in errors])), filename)
[5.670s] catkin_pkg.package.InvalidPackage: Error(s) in package '/home/benjamin/BT_ws/src/actions_ros2_clients/package.xml':
[5.670s] Error(s):
[5.670s] - The generic dependency on 'rclcpp' is redundant with: exec_depend
[5.670s] - The generic dependency on 'rclcpp_action' is redundant with: exec_depend
[5.670s] - The generic dependency on 'moveit_msgs' is redundant with: exec_depend
[5.678s] [31mCMake Error at /home/benjamin/ros2_humble/install/ament_cmake_core/share/ament_cmake_core/cmake/core/ament_package_xml.cmake:95 (message):
[5.679s]   execute_process(/usr/bin/python3.10
[5.679s]   /home/benjamin/ros2_humble/install/ament_cmake_core/share/ament_cmake_core/cmake/core/package_xml_2_cmake.py
[5.679s]   /home/benjamin/BT_ws/src/actions_ros2_clients/package.xml
[5.679s]   /home/benjamin/BT_ws/build/actions_ros2_clients/ament_cmake_core/package.cmake)
[5.679s]   returned error code 1
[5.679s] Call Stack (most recent call first):
[5.679s]   /home/benjamin/ros2_humble/install/ament_cmake_core/share/ament_cmake_core/cmake/core/ament_package_xml.cmake:49 (_ament_package_xml)
[5.679s]   /home/benjamin/ros2_humble/install/ament_lint_auto/share/ament_lint_auto/cmake/ament_lint_auto_find_test_dependencies.cmake:31 (ament_package_xml)
[5.679s]   CMakeLists.txt:27 (ament_lint_auto_find_test_dependencies)
[5.679s] 
[5.679s] [0m
[5.679s] -- Configuring incomplete, errors occurred!
[5.679s] See also "/home/benjamin/BT_ws/build/actions_ros2_clients/CMakeFiles/CMakeOutput.log".
[5.686s] Invoked command in '/home/benjamin/BT_ws/build/actions_ros2_clients' returned '1': /usr/bin/cmake /home/benjamin/BT_ws/src/actions_ros2_clients -DCMAKE_INSTALL_PREFIX=/home/benjamin/BT_ws/install/actions_ros2_clients
