-- Found ament_cmake: 1.3.6 (/home/benjamin/ros2_humble/install/ament_cmake/share/ament_cmake/cmake)
-- Found behaviortree_ros2: 0.2.0 (/home/benjamin/BT_ws/install/behaviortree_ros2/share/behaviortree_ros2/cmake)
-- Found rosidl_generator_c: 3.1.5 (/home/benjamin/ros2_humble/install/rosidl_generator_c/share/rosidl_generator_c/cmake)
-- Found rosidl_adapter: 3.1.5 (/home/benjamin/ros2_humble/install/rosidl_adapter/share/rosidl_adapter/cmake)
-- Found rosidl_generator_cpp: 3.1.5 (/home/benjamin/ros2_humble/install/rosidl_generator_cpp/share/rosidl_generator_cpp/cmake)
-- Using all available rosidl_typesupport_c: rosidl_typesupport_introspection_c;rosidl_typesupport_fastrtps_c
-- Using all available rosidl_typesupport_cpp: rosidl_typesupport_introspection_cpp;rosidl_typesupport_fastrtps_cpp
-- Found rmw_implementation_cmake: 6.1.1 (/home/benjamin/ros2_humble/install/rmw_implementation_cmake/share/rmw_implementation_cmake/cmake)
-- Found rmw_fastrtps_cpp: 6.2.5 (/home/benjamin/ros2_humble/install/rmw_fastrtps_cpp/share/rmw_fastrtps_cpp/cmake)
-- Using RMW implementation 'rmw_fastrtps_cpp' as default
-- Found std_srvs: 4.2.3 (/home/benjamin/ros2_humble/install/std_srvs/share/std_srvs/cmake)
-- Configuring done
-- Generating done
-- Build files have been written to: /home/benjamin/BT_ws/build/btcpp_ros2_samples
[35m[1mConsolidate compiler generated dependencies of target sample_bt_executor[0m
[35m[1mConsolidate compiler generated dependencies of target bool_server[0m
[35m[1mConsolidate compiler generated dependencies of target bool_client[0m
[35m[1mConsolidate compiler generated dependencies of target sleep_client[0m
[35m[1mConsolidate compiler generated dependencies of target subscriber_test[0m
[35m[1mConsolidate compiler generated dependencies of target sleep_server[0m
[35m[1mConsolidate compiler generated dependencies of target sleep_plugin[0m
[  5%] [32m[1mLinking CXX executable bool_client[0m
[ 11%] [32mBuilding CXX object CMakeFiles/sleep_client.dir/src/sleep_client.cpp.o[0m
[ 16%] [32mBuilding CXX object CMakeFiles/sample_bt_executor.dir/src/sample_bt_executor.cpp.o[0m
[ 27%] [32mBuilding CXX object CMakeFiles/sleep_server.dir/src/sleep_server.cpp.o[0m
[ 27%] [32mBuilding CXX object CMakeFiles/sleep_client.dir/src/sleep_action.cpp.o[0m
[ 33%] [32m[1mLinking CXX executable subscriber_test[0m
[ 38%] [32m[1mLinking CXX executable bool_server[0m
[ 44%] [32mBuilding CXX object CMakeFiles/sleep_plugin.dir/src/sleep_action.cpp.o[0m
[ 50%] Built target bool_server
[ 61%] Built target bool_client
[ 66%] Built target subscriber_test
[ 72%] [32m[1mLinking CXX executable sleep_server[0m
[ 72%] Built target sleep_server
[ 77%] [32m[1mLinking CXX shared library libsleep_plugin.so[0m
[ 77%] Built target sleep_plugin
[ 83%] [32m[1mLinking CXX executable sleep_client[0m
[35m[1mConsolidate compiler generated dependencies of target sleep_client_dyn[0m
[ 88%] [32m[1mLinking CXX executable sleep_client_dyn[0m
[ 94%] Built target sleep_client_dyn
[ 94%] Built target sleep_client
[100%] [32m[1mLinking CXX executable sample_bt_executor[0m
[100%] Built target sample_bt_executor
