[  2%] Built target gtest_main
[  4%] Built target minitrace
[  5%] Built target gtest
[  6%] Built target lexy_file
[ 36%] Built target behaviortree_cpp
[ 37%] Built target test_plugin_action
[ 40%] Built target crossdoor_nodes_dyn
[ 40%] Built target bt4_plugin_manifest
[ 41%] Built target movebase_node_dyn
[ 42%] Built target dummy_nodes_dyn
[ 44%] Built target test_plugin_executor
[ 47%] Built target bt_sample_nodes
[ 49%] Built target t01_first_tree_dynamic
[ 50%] Built target t04_reactive_sequence
[ 52%] Built target t12_default_ports
[ 54%] Built target t13_access_by_ref
[ 54%] Built target t02_basic_ports
[ 56%] Built target t09_scripting
[ 57%] Built target t08_additional_node_args
[ 59%] Built target t06_subtree_port_remapping
[ 60%] Built target ex01_wrap_legacy
[ 62%] Built target t11_groot_howto
[ 62%] Built target t01_first_tree_static
[ 82%] Built target behaviortree_cpp_test
[ 84%] Built target t07_load_multiple_xml
[ 86%] Built target t16_global_blackboard
[ 88%] Built target t18_waypoints
[ 89%] Built target t10_observer
[ 91%] Built target t14_subtree_model
[ 92%] Built target t15_nodes_mocking
[ 93%] Built target t17_blackboard_backup
[ 95%] Built target t05_crossdoor
[ 97%] Built target t03_generic_ports
[ 98%] Built target ex02_runtime_ports
[100%] Built target ex03_sqlite_log
