[0.145s] DEBUG:colcon:Command line arguments: ['/usr/bin/colcon', 'list', '-p', '--base-paths', '/home/benjamin/BT_ws']
[0.145s] DEBUG:colcon:Parsed command line arguments: Namespace(log_base=None, log_level=None, verb_name='list', build_base='build', ignore_user_meta=False, metas=['./colcon.meta'], base_paths=['/home/benjamin/BT_ws'], packages_ignore=None, packages_ignore_regex=None, paths=None, packages_up_to=None, packages_up_to_regex=None, packages_above=None, packages_above_and_dependencies=None, packages_above_depth=None, packages_select_by_dep=None, packages_skip_by_dep=None, packages_skip_up_to=None, packages_select_build_failed=False, packages_skip_build_finished=False, packages_select_test_failures=False, packages_skip_test_passed=False, packages_select=None, packages_skip=None, packages_select_regex=None, packages_skip_regex=None, packages_start=None, packages_end=None, allow_overriding=[], topological_order=False, names_only=False, paths_only=True, topological_graph=False, topological_graph_dot=False, topological_graph_density=False, topological_graph_legend=False, topological_graph_dot_cluster=False, topological_graph_dot_include_skipped=False, mixin_files=None, mixin=None, verb_parser=<colcon_mixin.mixin.mixin_argument.MixinArgumentDecorator object at 0x78b6c2e54a90>, verb_extension=<colcon_package_information.verb.list.ListVerb object at 0x78b6c2e2b610>, main=<bound method ListVerb.main of <colcon_package_information.verb.list.ListVerb object at 0x78b6c2e2b610>>, mixin_verb=('list',))
[0.411s] Level 1:colcon.colcon_core.package_discovery:discover_packages(colcon_meta) check parameters
[0.412s] Level 1:colcon.colcon_core.package_discovery:discover_packages(recursive) check parameters
[0.412s] Level 1:colcon.colcon_core.package_discovery:discover_packages(ignore) check parameters
[0.412s] Level 1:colcon.colcon_core.package_discovery:discover_packages(path) check parameters
[0.412s] Level 1:colcon.colcon_core.package_discovery:discover_packages(recursive) discover
[0.412s] INFO:colcon.colcon_core.package_discovery:Crawling recursively for packages in '/home/benjamin/BT_ws'
[0.412s] Level 1:colcon.colcon_core.package_identification:_identify(/home/benjamin/BT_ws) by extensions ['ignore', 'ignore_ament_install']
[0.412s] Level 1:colcon.colcon_core.package_identification:_identify(/home/benjamin/BT_ws) by extension 'ignore'
[0.412s] Level 1:colcon.colcon_core.package_identification:_identify(/home/benjamin/BT_ws) by extension 'ignore_ament_install'
[0.412s] Level 1:colcon.colcon_core.package_identification:_identify(/home/benjamin/BT_ws) by extensions ['colcon_pkg']
[0.412s] Level 1:colcon.colcon_core.package_identification:_identify(/home/benjamin/BT_ws) by extension 'colcon_pkg'
[0.412s] Level 1:colcon.colcon_core.package_identification:_identify(/home/benjamin/BT_ws) by extensions ['colcon_meta']
[0.412s] Level 1:colcon.colcon_core.package_identification:_identify(/home/benjamin/BT_ws) by extension 'colcon_meta'
[0.412s] Level 1:colcon.colcon_core.package_identification:_identify(/home/benjamin/BT_ws) by extensions ['ros']
[0.412s] Level 1:colcon.colcon_core.package_identification:_identify(/home/benjamin/BT_ws) by extension 'ros'
[0.421s] Level 1:colcon.colcon_core.package_identification:_identify(/home/benjamin/BT_ws) by extensions ['cmake', 'python']
[0.421s] Level 1:colcon.colcon_core.package_identification:_identify(/home/benjamin/BT_ws) by extension 'cmake'
[0.421s] Level 1:colcon.colcon_core.package_identification:_identify(/home/benjamin/BT_ws) by extension 'python'
[0.421s] Level 1:colcon.colcon_core.package_identification:_identify(/home/benjamin/BT_ws) by extensions ['python_setup_py']
[0.421s] Level 1:colcon.colcon_core.package_identification:_identify(/home/benjamin/BT_ws) by extension 'python_setup_py'
[0.421s] Level 1:colcon.colcon_core.package_identification:_identify(/home/benjamin/BT_ws/build) by extensions ['ignore', 'ignore_ament_install']
[0.421s] Level 1:colcon.colcon_core.package_identification:_identify(/home/benjamin/BT_ws/build) by extension 'ignore'
[0.421s] Level 1:colcon.colcon_core.package_identification:_identify(/home/benjamin/BT_ws/build) ignored
[0.421s] Level 1:colcon.colcon_core.package_identification:_identify(/home/benjamin/BT_ws/install) by extensions ['ignore', 'ignore_ament_install']
[0.421s] Level 1:colcon.colcon_core.package_identification:_identify(/home/benjamin/BT_ws/install) by extension 'ignore'
[0.421s] Level 1:colcon.colcon_core.package_identification:_identify(/home/benjamin/BT_ws/install) ignored
[0.421s] Level 1:colcon.colcon_core.package_identification:_identify(/home/benjamin/BT_ws/log) by extensions ['ignore', 'ignore_ament_install']
[0.421s] Level 1:colcon.colcon_core.package_identification:_identify(/home/benjamin/BT_ws/log) by extension 'ignore'
[0.421s] Level 1:colcon.colcon_core.package_identification:_identify(/home/benjamin/BT_ws/log) ignored
[0.422s] Level 1:colcon.colcon_core.package_identification:_identify(/home/benjamin/BT_ws/src) by extensions ['ignore', 'ignore_ament_install']
[0.422s] Level 1:colcon.colcon_core.package_identification:_identify(/home/benjamin/BT_ws/src) by extension 'ignore'
[0.422s] Level 1:colcon.colcon_core.package_identification:_identify(/home/benjamin/BT_ws/src) by extension 'ignore_ament_install'
[0.422s] Level 1:colcon.colcon_core.package_identification:_identify(/home/benjamin/BT_ws/src) by extensions ['colcon_pkg']
[0.422s] Level 1:colcon.colcon_core.package_identification:_identify(/home/benjamin/BT_ws/src) by extension 'colcon_pkg'
[0.422s] Level 1:colcon.colcon_core.package_identification:_identify(/home/benjamin/BT_ws/src) by extensions ['colcon_meta']
[0.422s] Level 1:colcon.colcon_core.package_identification:_identify(/home/benjamin/BT_ws/src) by extension 'colcon_meta'
[0.422s] Level 1:colcon.colcon_core.package_identification:_identify(/home/benjamin/BT_ws/src) by extensions ['ros']
[0.422s] Level 1:colcon.colcon_core.package_identification:_identify(/home/benjamin/BT_ws/src) by extension 'ros'
[0.422s] Level 1:colcon.colcon_core.package_identification:_identify(/home/benjamin/BT_ws/src) by extensions ['cmake', 'python']
[0.422s] Level 1:colcon.colcon_core.package_identification:_identify(/home/benjamin/BT_ws/src) by extension 'cmake'
[0.422s] Level 1:colcon.colcon_core.package_identification:_identify(/home/benjamin/BT_ws/src) by extension 'python'
[0.422s] Level 1:colcon.colcon_core.package_identification:_identify(/home/benjamin/BT_ws/src) by extensions ['python_setup_py']
[0.422s] Level 1:colcon.colcon_core.package_identification:_identify(/home/benjamin/BT_ws/src) by extension 'python_setup_py'
[0.422s] Level 1:colcon.colcon_core.package_identification:_identify(/home/benjamin/BT_ws/src/BehaviorTree.ROS2) by extensions ['ignore', 'ignore_ament_install']
[0.422s] Level 1:colcon.colcon_core.package_identification:_identify(/home/benjamin/BT_ws/src/BehaviorTree.ROS2) by extension 'ignore'
[0.422s] Level 1:colcon.colcon_core.package_identification:_identify(/home/benjamin/BT_ws/src/BehaviorTree.ROS2) by extension 'ignore_ament_install'
[0.422s] Level 1:colcon.colcon_core.package_identification:_identify(/home/benjamin/BT_ws/src/BehaviorTree.ROS2) by extensions ['colcon_pkg']
[0.422s] Level 1:colcon.colcon_core.package_identification:_identify(/home/benjamin/BT_ws/src/BehaviorTree.ROS2) by extension 'colcon_pkg'
[0.422s] Level 1:colcon.colcon_core.package_identification:_identify(/home/benjamin/BT_ws/src/BehaviorTree.ROS2) by extensions ['colcon_meta']
[0.422s] Level 1:colcon.colcon_core.package_identification:_identify(/home/benjamin/BT_ws/src/BehaviorTree.ROS2) by extension 'colcon_meta'
[0.422s] Level 1:colcon.colcon_core.package_identification:_identify(/home/benjamin/BT_ws/src/BehaviorTree.ROS2) by extensions ['ros']
[0.422s] Level 1:colcon.colcon_core.package_identification:_identify(/home/benjamin/BT_ws/src/BehaviorTree.ROS2) by extension 'ros'
[0.422s] Level 1:colcon.colcon_core.package_identification:_identify(/home/benjamin/BT_ws/src/BehaviorTree.ROS2) by extensions ['cmake', 'python']
[0.422s] Level 1:colcon.colcon_core.package_identification:_identify(/home/benjamin/BT_ws/src/BehaviorTree.ROS2) by extension 'cmake'
[0.422s] Level 1:colcon.colcon_core.package_identification:_identify(/home/benjamin/BT_ws/src/BehaviorTree.ROS2) by extension 'python'
[0.422s] Level 1:colcon.colcon_core.package_identification:_identify(/home/benjamin/BT_ws/src/BehaviorTree.ROS2) by extensions ['python_setup_py']
[0.422s] Level 1:colcon.colcon_core.package_identification:_identify(/home/benjamin/BT_ws/src/BehaviorTree.ROS2) by extension 'python_setup_py'
[0.422s] Level 1:colcon.colcon_core.package_identification:_identify(/home/benjamin/BT_ws/src/BehaviorTree.ROS2/behaviortree_ros2) by extensions ['ignore', 'ignore_ament_install']
[0.422s] Level 1:colcon.colcon_core.package_identification:_identify(/home/benjamin/BT_ws/src/BehaviorTree.ROS2/behaviortree_ros2) by extension 'ignore'
[0.422s] Level 1:colcon.colcon_core.package_identification:_identify(/home/benjamin/BT_ws/src/BehaviorTree.ROS2/behaviortree_ros2) by extension 'ignore_ament_install'
[0.422s] Level 1:colcon.colcon_core.package_identification:_identify(/home/benjamin/BT_ws/src/BehaviorTree.ROS2/behaviortree_ros2) by extensions ['colcon_pkg']
[0.422s] Level 1:colcon.colcon_core.package_identification:_identify(/home/benjamin/BT_ws/src/BehaviorTree.ROS2/behaviortree_ros2) by extension 'colcon_pkg'
[0.423s] Level 1:colcon.colcon_core.package_identification:_identify(/home/benjamin/BT_ws/src/BehaviorTree.ROS2/behaviortree_ros2) by extensions ['colcon_meta']
[0.423s] Level 1:colcon.colcon_core.package_identification:_identify(/home/benjamin/BT_ws/src/BehaviorTree.ROS2/behaviortree_ros2) by extension 'colcon_meta'
[0.423s] Level 1:colcon.colcon_core.package_identification:_identify(/home/benjamin/BT_ws/src/BehaviorTree.ROS2/behaviortree_ros2) by extensions ['ros']
[0.423s] Level 1:colcon.colcon_core.package_identification:_identify(/home/benjamin/BT_ws/src/BehaviorTree.ROS2/behaviortree_ros2) by extension 'ros'
[0.424s] DEBUG:colcon.colcon_core.package_identification:Package '/home/benjamin/BT_ws/src/BehaviorTree.ROS2/behaviortree_ros2' with type 'ros.ament_cmake' and name 'behaviortree_ros2'
[0.425s] Level 1:colcon.colcon_core.package_identification:_identify(/home/benjamin/BT_ws/src/BehaviorTree.ROS2/btcpp_ros2_interfaces) by extensions ['ignore', 'ignore_ament_install']
[0.425s] Level 1:colcon.colcon_core.package_identification:_identify(/home/benjamin/BT_ws/src/BehaviorTree.ROS2/btcpp_ros2_interfaces) by extension 'ignore'
[0.425s] Level 1:colcon.colcon_core.package_identification:_identify(/home/benjamin/BT_ws/src/BehaviorTree.ROS2/btcpp_ros2_interfaces) by extension 'ignore_ament_install'
[0.425s] Level 1:colcon.colcon_core.package_identification:_identify(/home/benjamin/BT_ws/src/BehaviorTree.ROS2/btcpp_ros2_interfaces) by extensions ['colcon_pkg']
[0.425s] Level 1:colcon.colcon_core.package_identification:_identify(/home/benjamin/BT_ws/src/BehaviorTree.ROS2/btcpp_ros2_interfaces) by extension 'colcon_pkg'
[0.425s] Level 1:colcon.colcon_core.package_identification:_identify(/home/benjamin/BT_ws/src/BehaviorTree.ROS2/btcpp_ros2_interfaces) by extensions ['colcon_meta']
[0.425s] Level 1:colcon.colcon_core.package_identification:_identify(/home/benjamin/BT_ws/src/BehaviorTree.ROS2/btcpp_ros2_interfaces) by extension 'colcon_meta'
[0.425s] Level 1:colcon.colcon_core.package_identification:_identify(/home/benjamin/BT_ws/src/BehaviorTree.ROS2/btcpp_ros2_interfaces) by extensions ['ros']
[0.425s] Level 1:colcon.colcon_core.package_identification:_identify(/home/benjamin/BT_ws/src/BehaviorTree.ROS2/btcpp_ros2_interfaces) by extension 'ros'
[0.425s] DEBUG:colcon.colcon_core.package_identification:Package '/home/benjamin/BT_ws/src/BehaviorTree.ROS2/btcpp_ros2_interfaces' with type 'ros.ament_cmake' and name 'btcpp_ros2_interfaces'
[0.425s] Level 1:colcon.colcon_core.package_identification:_identify(/home/benjamin/BT_ws/src/BehaviorTree.ROS2/btcpp_ros2_samples) by extensions ['ignore', 'ignore_ament_install']
[0.425s] Level 1:colcon.colcon_core.package_identification:_identify(/home/benjamin/BT_ws/src/BehaviorTree.ROS2/btcpp_ros2_samples) by extension 'ignore'
[0.426s] Level 1:colcon.colcon_core.package_identification:_identify(/home/benjamin/BT_ws/src/BehaviorTree.ROS2/btcpp_ros2_samples) by extension 'ignore_ament_install'
[0.426s] Level 1:colcon.colcon_core.package_identification:_identify(/home/benjamin/BT_ws/src/BehaviorTree.ROS2/btcpp_ros2_samples) by extensions ['colcon_pkg']
[0.426s] Level 1:colcon.colcon_core.package_identification:_identify(/home/benjamin/BT_ws/src/BehaviorTree.ROS2/btcpp_ros2_samples) by extension 'colcon_pkg'
[0.426s] Level 1:colcon.colcon_core.package_identification:_identify(/home/benjamin/BT_ws/src/BehaviorTree.ROS2/btcpp_ros2_samples) by extensions ['colcon_meta']
[0.426s] Level 1:colcon.colcon_core.package_identification:_identify(/home/benjamin/BT_ws/src/BehaviorTree.ROS2/btcpp_ros2_samples) by extension 'colcon_meta'
[0.426s] Level 1:colcon.colcon_core.package_identification:_identify(/home/benjamin/BT_ws/src/BehaviorTree.ROS2/btcpp_ros2_samples) by extensions ['ros']
[0.426s] Level 1:colcon.colcon_core.package_identification:_identify(/home/benjamin/BT_ws/src/BehaviorTree.ROS2/btcpp_ros2_samples) by extension 'ros'
[0.426s] DEBUG:colcon.colcon_core.package_identification:Package '/home/benjamin/BT_ws/src/BehaviorTree.ROS2/btcpp_ros2_samples' with type 'ros.ament_cmake' and name 'btcpp_ros2_samples'
[0.426s] Level 1:colcon.colcon_core.package_discovery:discover_packages(recursive) using defaults
