-- Found ament_cmake: 1.3.6 (/home/benjamin/ros2_humble/install/ament_cmake/share/ament_cmake/cmake)
-- Found rclcpp: 16.0.7 (/home/benjamin/ros2_humble/install/rclcpp/share/rclcpp/cmake)
-- Found rosidl_generator_c: 3.1.5 (/home/benjamin/ros2_humble/install/rosidl_generator_c/share/rosidl_generator_c/cmake)
-- Found rosidl_adapter: 3.1.5 (/home/benjamin/ros2_humble/install/rosidl_adapter/share/rosidl_adapter/cmake)
-- Found rosidl_generator_cpp: 3.1.5 (/home/benjamin/ros2_humble/install/rosidl_generator_cpp/share/rosidl_generator_cpp/cmake)
-- Using all available rosidl_typesupport_c: rosidl_typesupport_introspection_c;rosidl_typesupport_fastrtps_c
-- Using all available rosidl_typesupport_cpp: rosidl_typesupport_introspection_cpp;rosidl_typesupport_fastrtps_cpp
-- Found rmw_implementation_cmake: 6.1.1 (/home/benjamin/ros2_humble/install/rmw_implementation_cmake/share/rmw_implementation_cmake/cmake)
-- Found rmw_fastrtps_cpp: 6.2.5 (/home/benjamin/ros2_humble/install/rmw_fastrtps_cpp/share/rmw_fastrtps_cpp/cmake)
-- Using RMW implementation 'rmw_fastrtps_cpp' as default
-- Found moveit_core: 2.5.5 (/home/benjamin/ws_moveit/install/moveit_core/share/moveit_core/cmake)
-- Found Boost: /usr/lib/x86_64-linux-gnu/cmake/Boost-1.74.0/BoostConfig.cmake (found version "1.74.0") found components: chrono date_time filesystem iostreams program_options regex serialization system thread 
-- Found parameter_traits: 0.4.0 (/opt/ros/humble/share/parameter_traits/cmake)
-- Found rclcpp_lifecycle: 16.0.7 (/home/benjamin/ros2_humble/install/rclcpp_lifecycle/share/rclcpp_lifecycle/cmake)
-- Found Boost: /usr/lib/x86_64-linux-gnu/cmake/Boost-1.74.0/BoostConfig.cmake (found version "1.74.0") found components: filesystem 
-- library: /usr/lib/x86_64-linux-gnu/libcurl.so
-- Ensuring Eigen3 include directory is part of orocos-kdl CMake target
-- Found moveit_ros_planning_interface: 2.5.5 (/home/benjamin/ws_moveit/install/moveit_ros_planning_interface/share/moveit_ros_planning_interface/cmake)
-- Found Boost: /usr/lib/x86_64-linux-gnu/cmake/Boost-1.74.0/BoostConfig.cmake (found version "1.74.0") found components: date_time filesystem program_options system thread 
-- Found Boost: /usr/lib/x86_64-linux-gnu/cmake/Boost-1.74.0/BoostConfig.cmake (found version "1.74.0") found components: system filesystem date_time program_options thread chrono 
-- Found Boost: /usr/lib/x86_64-linux-gnu/cmake/Boost-1.74.0/BoostConfig.cmake (found version "1.74.0") found components: thread system filesystem regex date_time program_options 
-- Found Boost: /usr/lib/x86_64-linux-gnu/cmake/Boost-1.74.0/BoostConfig.cmake (found version "1.74.0") found components: system filesystem date_time program_options thread 
-- Found ament_lint_auto: 0.12.9 (/home/benjamin/ros2_humble/install/ament_lint_auto/share/ament_lint_auto/cmake)
-- Added test 'cppcheck' to perform static code analysis on C / C++ code
-- Configured cppcheck include dirs: 
-- Configured cppcheck exclude dirs and/or files: 
-- Added test 'lint_cmake' to check CMake code style
-- Added test 'uncrustify' to check C / C++ code style
-- Configured uncrustify additional arguments: 
-- Added test 'xmllint' to check XML markup files
-- Configuring done
-- Generating done
-- Build files have been written to: /home/benjamin/BT_ws/build/my_behavior_tree
[35m[1mConsolidate compiler generated dependencies of target my_behavior_tree[0m
[ 50%] [32mBuilding CXX object CMakeFiles/my_behavior_tree.dir/src/move_action.cpp.o[0m
[01m[K/home/benjamin/BT_ws/src/my_behavior_tree/src/move_action.cpp:[m[K In member function ‘[01m[Kvirtual BT::NodeStatus MoveArm::tick()[m[K’:
[01m[K/home/benjamin/BT_ws/src/my_behavior_tree/src/move_action.cpp:39:95:[m[K [01;35m[Kwarning: [m[K‘[01m[Kusing MoveItErrorCode = class moveit::core::MoveItErrorCode[m[K’ is deprecated: Use moveit::core::MoveItErrorCode [[01;35m[K]8;;https://gcc.gnu.org/onlinedocs/gcc/Warning-Options.html#index-Wdeprecated-declarations-Wdeprecated-declarations]8;;[m[K]
   39 |         bool success = (move_group.plan(plan) == moveit::planning_interface::MoveItErrorCode::[01;35m[KSUCCESS[m[K);
      |                                                                                               [01;35m[K^~~~~~~[m[K
In file included from [01m[K/home/benjamin/BT_ws/src/my_behavior_tree/src/move_action.cpp:2[m[K:
[01m[K/home/benjamin/ws_moveit/install/moveit_ros_planning_interface/include/moveit/move_group_interface/move_group_interface.h:71:7:[m[K [01;36m[Knote: [m[Kdeclared here
   71 | using [01;36m[KMoveItErrorCode[m[K [[deprecated("Use moveit::core::MoveItErrorCode")]] = moveit::core::MoveItErrorCode;
      |       [01;36m[K^~~~~~~~~~~~~~~[m[K
[100%] [32m[1mLinking CXX executable my_behavior_tree[0m
[100%] Built target my_behavior_tree
-- Install configuration: ""
-- Installing: /home/benjamin/BT_ws/install/my_behavior_tree/lib/my_behavior_tree/my_behavior_tree
-- Set runtime path of "/home/benjamin/BT_ws/install/my_behavior_tree/lib/my_behavior_tree/my_behavior_tree" to ""
-- Up-to-date: /home/benjamin/BT_ws/install/my_behavior_tree/share/ament_index/resource_index/package_run_dependencies/my_behavior_tree
-- Installing: /home/benjamin/BT_ws/install/my_behavior_tree/share/ament_index/resource_index/parent_prefix_path/my_behavior_tree
-- Installing: /home/benjamin/BT_ws/install/my_behavior_tree/share/my_behavior_tree/environment/ament_prefix_path.dsv
-- Installing: /home/benjamin/BT_ws/install/my_behavior_tree/share/my_behavior_tree/environment/path.dsv
-- Up-to-date: /home/benjamin/BT_ws/install/my_behavior_tree/share/my_behavior_tree/local_setup.bash
-- Up-to-date: /home/benjamin/BT_ws/install/my_behavior_tree/share/my_behavior_tree/local_setup.sh
-- Up-to-date: /home/benjamin/BT_ws/install/my_behavior_tree/share/my_behavior_tree/local_setup.zsh
-- Installing: /home/benjamin/BT_ws/install/my_behavior_tree/share/my_behavior_tree/local_setup.dsv
-- Installing: /home/benjamin/BT_ws/install/my_behavior_tree/share/my_behavior_tree/package.dsv
-- Up-to-date: /home/benjamin/BT_ws/install/my_behavior_tree/share/ament_index/resource_index/packages/my_behavior_tree
-- Up-to-date: /home/benjamin/BT_ws/install/my_behavior_tree/share/my_behavior_tree/cmake/my_behavior_treeConfig.cmake
-- Up-to-date: /home/benjamin/BT_ws/install/my_behavior_tree/share/my_behavior_tree/cmake/my_behavior_treeConfig-version.cmake
-- Up-to-date: /home/benjamin/BT_ws/install/my_behavior_tree/share/my_behavior_tree/package.xml
