[0.042s] Invoking command in '/home/benjamin/BT_ws/build/my_behavior_tree': /usr/bin/cmake /home/benjamin/BT_ws/src/my_behavior_tree -DCMAKE_INSTALL_PREFIX=/home/benjamin/BT_ws/install/my_behavior_tree
[0.124s] -- Found ament_cmake: 1.3.6 (/home/benjamin/ros2_humble/install/ament_cmake/share/ament_cmake/cmake)
[0.550s] -- Found rclcpp: 16.0.7 (/home/benjamin/ros2_humble/install/rclcpp/share/rclcpp/cmake)
[0.710s] -- Found rosidl_generator_c: 3.1.5 (/home/benjamin/ros2_humble/install/rosidl_generator_c/share/rosidl_generator_c/cmake)
[0.722s] -- Found rosidl_adapter: 3.1.5 (/home/benjamin/ros2_humble/install/rosidl_adapter/share/rosidl_adapter/cmake)
[0.754s] -- Found rosidl_generator_cpp: 3.1.5 (/home/benjamin/ros2_humble/install/rosidl_generator_cpp/share/rosidl_generator_cpp/cmake)
[0.841s] -- Using all available rosidl_typesupport_c: rosidl_typesupport_introspection_c;rosidl_typesupport_fastrtps_c
[0.912s] -- Using all available rosidl_typesupport_cpp: rosidl_typesupport_introspection_cpp;rosidl_typesupport_fastrtps_cpp
[1.095s] -- Found rmw_implementation_cmake: 6.1.1 (/home/benjamin/ros2_humble/install/rmw_implementation_cmake/share/rmw_implementation_cmake/cmake)
[1.137s] -- Found rmw_fastrtps_cpp: 6.2.5 (/home/benjamin/ros2_humble/install/rmw_fastrtps_cpp/share/rmw_fastrtps_cpp/cmake)
[1.500s] -- Using RMW implementation 'rmw_fastrtps_cpp' as default
[1.784s] -- Found moveit_core: 2.5.5 (/home/benjamin/ws_moveit/install/moveit_core/share/moveit_core/cmake)
[2.212s] -- Found Boost: /usr/lib/x86_64-linux-gnu/cmake/Boost-1.74.0/BoostConfig.cmake (found version "1.74.0") found components: chrono date_time filesystem iostreams program_options regex serialization system thread 
[2.624s] -- Found parameter_traits: 0.4.0 (/opt/ros/humble/share/parameter_traits/cmake)
[2.742s] -- Found Eigen3: TRUE (found version "3.4.0") 
[2.755s] -- Found rclcpp_lifecycle: 16.0.7 (/home/benjamin/ros2_humble/install/rclcpp_lifecycle/share/rclcpp_lifecycle/cmake)
[2.908s] -- Found Boost: /usr/lib/x86_64-linux-gnu/cmake/Boost-1.74.0/BoostConfig.cmake (found version "1.74.0") found components: filesystem 
[3.424s] -- library: /usr/lib/x86_64-linux-gnu/libcurl.so
[3.810s] -- Ensuring Eigen3 include directory is part of orocos-kdl CMake target
[5.264s] -- Found moveit_ros_planning_interface: 2.5.5 (/home/benjamin/ws_moveit/install/moveit_ros_planning_interface/share/moveit_ros_planning_interface/cmake)
[5.268s] -- Found Boost: /usr/lib/x86_64-linux-gnu/cmake/Boost-1.74.0/BoostConfig.cmake (found version "1.74.0") found components: date_time filesystem program_options system thread 
[5.340s] -- Found Boost: /usr/lib/x86_64-linux-gnu/cmake/Boost-1.74.0/BoostConfig.cmake (found version "1.74.0") found components: system filesystem date_time program_options thread chrono 
[5.666s] -- Found Boost: /usr/lib/x86_64-linux-gnu/cmake/Boost-1.74.0/BoostConfig.cmake (found version "1.74.0") found components: thread system filesystem regex date_time program_options 
[5.855s] -- Found Boost: /usr/lib/x86_64-linux-gnu/cmake/Boost-1.74.0/BoostConfig.cmake (found version "1.74.0") found components: system filesystem date_time program_options thread 
[6.389s] Error parsing '/home/benjamin/BT_ws/src/my_behavior_tree/package.xml':
[6.477s] Traceback (most recent call last):
[6.477s]   File "/home/benjamin/ros2_humble/install/ament_cmake_core/share/ament_cmake_core/cmake/core/package_xml_2_cmake.py", line 150, in <module>
[6.477s]     main()
[6.477s]   File "/home/benjamin/ros2_humble/install/ament_cmake_core/share/ament_cmake_core/cmake/core/package_xml_2_cmake.py", line 53, in main
[6.477s]     raise e
[6.477s]   File "/home/benjamin/ros2_humble/install/ament_cmake_core/share/ament_cmake_core/cmake/core/package_xml_2_cmake.py", line 49, in main
[6.477s]     package = parse_package_string(
[6.477s]   File "/usr/lib/python3/dist-packages/catkin_pkg/package.py", line 786, in parse_package_string
[6.479s]     raise InvalidPackage('Error(s):%s' % (''.join(['\n- %s' % e for e in errors])), filename)
[6.479s] catkin_pkg.package.InvalidPackage: Error(s) in package '/home/benjamin/BT_ws/src/my_behavior_tree/package.xml':
[6.479s] Error(s):
[6.479s] - The generic dependency on 'rclcpp' is redundant with: exec_depend
[6.479s] - The generic dependency on 'behaviortree_cpp_v3' is redundant with: exec_depend
[6.479s] - The generic dependency on 'moveit_core' is redundant with: exec_depend
[6.479s] - The generic dependency on 'moveit_ros_planning_interface' is redundant with: exec_depend
[6.479s] - The generic dependency on 'moveit_msgs' is redundant with: exec_depend
[6.487s] [31mCMake Error at /home/benjamin/ros2_humble/install/ament_cmake_core/share/ament_cmake_core/cmake/core/ament_package_xml.cmake:95 (message):
[6.487s]   execute_process(/usr/bin/python3.10
[6.487s]   /home/benjamin/ros2_humble/install/ament_cmake_core/share/ament_cmake_core/cmake/core/package_xml_2_cmake.py
[6.487s]   /home/benjamin/BT_ws/src/my_behavior_tree/package.xml
[6.487s]   /home/benjamin/BT_ws/build/my_behavior_tree/ament_cmake_core/package.cmake)
[6.487s]   returned error code 1
[6.488s] Call Stack (most recent call first):
[6.488s]   /home/benjamin/ros2_humble/install/ament_cmake_core/share/ament_cmake_core/cmake/core/ament_package_xml.cmake:49 (_ament_package_xml)
[6.488s]   /home/benjamin/ros2_humble/install/ament_cmake_core/share/ament_cmake_core/cmake/core/ament_package.cmake:63 (ament_package_xml)
[6.488s]   CMakeLists.txt:43 (ament_package)
[6.488s] 
[6.488s] [0m
[6.488s] -- Configuring incomplete, errors occurred!
[6.488s] See also "/home/benjamin/BT_ws/build/my_behavior_tree/CMakeFiles/CMakeOutput.log".
[6.496s] Invoked command in '/home/benjamin/BT_ws/build/my_behavior_tree' returned '1': /usr/bin/cmake /home/benjamin/BT_ws/src/my_behavior_tree -DCMAKE_INSTALL_PREFIX=/home/benjamin/BT_ws/install/my_behavior_tree
