[35m[1mConsolidate compiler generated dependencies of target execute_trajectory_client[0m
[ 50%] [32mBuilding CXX object CMakeFiles/execute_trajectory_client.dir/src/execute_trajectory_client.cpp.o[0m
[100%] [32m[1mLinking CXX executable execute_trajectory_client[0m
[100%] Built target execute_trajectory_client
-- Install configuration: ""
-- Installing: /home/benjamin/BT_ws/install/actions_ros2_clients/lib/actions_ros2_clients/execute_trajectory_client
-- Set runtime path of "/home/benjamin/BT_ws/install/actions_ros2_clients/lib/actions_ros2_clients/execute_trajectory_client" to ""
-- Up-to-date: /home/benjamin/BT_ws/install/actions_ros2_clients/share/ament_index/resource_index/package_run_dependencies/actions_ros2_clients
-- Up-to-date: /home/benjamin/BT_ws/install/actions_ros2_clients/share/ament_index/resource_index/parent_prefix_path/actions_ros2_clients
-- Up-to-date: /home/benjamin/BT_ws/install/actions_ros2_clients/share/actions_ros2_clients/environment/ament_prefix_path.dsv
-- Up-to-date: /home/benjamin/BT_ws/install/actions_ros2_clients/share/actions_ros2_clients/environment/path.dsv
-- Up-to-date: /home/benjamin/BT_ws/install/actions_ros2_clients/share/actions_ros2_clients/local_setup.bash
-- Up-to-date: /home/benjamin/BT_ws/install/actions_ros2_clients/share/actions_ros2_clients/local_setup.sh
-- Up-to-date: /home/benjamin/BT_ws/install/actions_ros2_clients/share/actions_ros2_clients/local_setup.zsh
-- Up-to-date: /home/benjamin/BT_ws/install/actions_ros2_clients/share/actions_ros2_clients/local_setup.dsv
-- Installing: /home/benjamin/BT_ws/install/actions_ros2_clients/share/actions_ros2_clients/package.dsv
-- Up-to-date: /home/benjamin/BT_ws/install/actions_ros2_clients/share/ament_index/resource_index/packages/actions_ros2_clients
-- Up-to-date: /home/benjamin/BT_ws/install/actions_ros2_clients/share/actions_ros2_clients/cmake/actions_ros2_clientsConfig.cmake
-- Up-to-date: /home/benjamin/BT_ws/install/actions_ros2_clients/share/actions_ros2_clients/cmake/actions_ros2_clientsConfig-version.cmake
-- Up-to-date: /home/benjamin/BT_ws/install/actions_ros2_clients/share/actions_ros2_clients/package.xml
