-- Found ament_cmake: 1.3.6 (/home/benjamin/ros2_humble/install/ament_cmake/share/ament_cmake/cmake)
-- Found rclcpp: 16.0.7 (/home/benjamin/ros2_humble/install/rclcpp/share/rclcpp/cmake)
-- Found rosidl_generator_c: 3.1.5 (/home/benjamin/ros2_humble/install/rosidl_generator_c/share/rosidl_generator_c/cmake)
-- Found rosidl_adapter: 3.1.5 (/home/benjamin/ros2_humble/install/rosidl_adapter/share/rosidl_adapter/cmake)
-- Found rosidl_generator_cpp: 3.1.5 (/home/benjamin/ros2_humble/install/rosidl_generator_cpp/share/rosidl_generator_cpp/cmake)
-- Using all available rosidl_typesupport_c: rosidl_typesupport_introspection_c;rosidl_typesupport_fastrtps_c
-- Using all available rosidl_typesupport_cpp: rosidl_typesupport_introspection_cpp;rosidl_typesupport_fastrtps_cpp
-- Found rmw_implementation_cmake: 6.1.1 (/home/benjamin/ros2_humble/install/rmw_implementation_cmake/share/rmw_implementation_cmake/cmake)
-- Found rmw_fastrtps_cpp: 6.2.5 (/home/benjamin/ros2_humble/install/rmw_fastrtps_cpp/share/rmw_fastrtps_cpp/cmake)
-- Using RMW implementation 'rmw_fastrtps_cpp' as default
-- Found rclcpp_action: 16.0.7 (/home/benjamin/ros2_humble/install/rclcpp_action/share/rclcpp_action/cmake)
-- Found moveit_msgs: 2.2.1 (/opt/ros/humble/share/moveit_msgs/cmake)
-- Found ament_lint_auto: 0.12.9 (/home/benjamin/ros2_humble/install/ament_lint_auto/share/ament_lint_auto/cmake)
-- Configuring done
-- Generating done
-- Build files have been written to: /home/benjamin/BT_ws/build/actions_ros2_clients
[35m[1mConsolidate compiler generated dependencies of target execute_trajectory_client[0m
[ 50%] [32mBuilding CXX object CMakeFiles/execute_trajectory_client.dir/src/execute_trajectory_client.cpp.o[0m
[100%] [32m[1mLinking CXX executable execute_trajectory_client[0m
[100%] Built target execute_trajectory_client
-- Install configuration: ""
-- Installing: /home/benjamin/BT_ws/install/actions_ros2_clients/lib/actions_ros2_clients/execute_trajectory_client
-- Set runtime path of "/home/benjamin/BT_ws/install/actions_ros2_clients/lib/actions_ros2_clients/execute_trajectory_client" to ""
-- Up-to-date: /home/benjamin/BT_ws/install/actions_ros2_clients/share/ament_index/resource_index/package_run_dependencies/actions_ros2_clients
-- Installing: /home/benjamin/BT_ws/install/actions_ros2_clients/share/ament_index/resource_index/parent_prefix_path/actions_ros2_clients
-- Installing: /home/benjamin/BT_ws/install/actions_ros2_clients/share/actions_ros2_clients/environment/ament_prefix_path.dsv
-- Installing: /home/benjamin/BT_ws/install/actions_ros2_clients/share/actions_ros2_clients/environment/path.dsv
-- Up-to-date: /home/benjamin/BT_ws/install/actions_ros2_clients/share/actions_ros2_clients/local_setup.bash
-- Up-to-date: /home/benjamin/BT_ws/install/actions_ros2_clients/share/actions_ros2_clients/local_setup.sh
-- Up-to-date: /home/benjamin/BT_ws/install/actions_ros2_clients/share/actions_ros2_clients/local_setup.zsh
-- Installing: /home/benjamin/BT_ws/install/actions_ros2_clients/share/actions_ros2_clients/local_setup.dsv
-- Installing: /home/benjamin/BT_ws/install/actions_ros2_clients/share/actions_ros2_clients/package.dsv
-- Up-to-date: /home/benjamin/BT_ws/install/actions_ros2_clients/share/ament_index/resource_index/packages/actions_ros2_clients
-- Up-to-date: /home/benjamin/BT_ws/install/actions_ros2_clients/share/actions_ros2_clients/cmake/actions_ros2_clientsConfig.cmake
-- Up-to-date: /home/benjamin/BT_ws/install/actions_ros2_clients/share/actions_ros2_clients/cmake/actions_ros2_clientsConfig-version.cmake
-- Up-to-date: /home/benjamin/BT_ws/install/actions_ros2_clients/share/actions_ros2_clients/package.xml
