[  2%] Built target minitrace
[  4%] Built target lexy_file
[  4%] Built target gtest
[  6%] Built target gtest_main
[ 36%] Built target behaviortree_cpp
[ 39%] Built target test_plugin_action
[ 39%] Built target test_plugin_executor
[ 41%] Built target bt4_plugin_manifest
[ 42%] Built target dummy_nodes_dyn
[ 43%] Built target movebase_node_dyn
[ 44%] Built target crossdoor_nodes_dyn
[ 47%] Built target bt_sample_nodes
[ 49%] Built target t01_first_tree_dynamic
[ 51%] Built target t03_generic_ports
[ 53%] Built target t09_scripting
[ 54%] Built target t01_first_tree_static
[ 56%] Built target t14_subtree_model
[ 58%] Built target t16_global_blackboard
[ 59%] Built target t13_access_by_ref
[ 60%] Built target t08_additional_node_args
[ 61%] Built target t11_groot_howto
[ 63%] Built target ex01_wrap_legacy
[ 64%] Built target t02_basic_ports
[ 66%] Built target t07_load_multiple_xml
[ 68%] Built target t18_waypoints
[ 69%] Built target t10_observer
[ 71%] Built target t12_default_ports
[ 91%] Built target behaviortree_cpp_test
[ 92%] Built target t15_nodes_mocking
[ 93%] Built target t06_subtree_port_remapping
[ 95%] Built target t05_crossdoor
[ 96%] Built target t04_reactive_sequence
[ 97%] Built target t17_blackboard_backup
[ 98%] Built target ex02_runtime_ports
[100%] Built target ex03_sqlite_log
