[0.038s] Invoking command in '/home/benjamin/BT_ws/build/my_behavior_tree': /usr/bin/cmake /home/benjamin/BT_ws/src/my_behavior_tree -DCMAKE_INSTALL_PREFIX=/home/benjamin/BT_ws/install/my_behavior_tree
[0.333s] -- The C compiler identification is GNU 11.4.0
[0.516s] -- The CXX compiler identification is GNU 11.4.0
[0.572s] -- Detecting C compiler ABI info
[0.840s] -- Detecting C compiler ABI info - done
[0.846s] -- Check for working C compiler: /usr/bin/cc - skipped
[0.850s] -- Detecting C compile features
[0.852s] -- Detecting C compile features - done
[0.864s] -- Detecting CXX compiler ABI info
[1.156s] -- Detecting CXX compiler ABI info - done
[1.163s] -- Check for working CXX compiler: /usr/bin/c++ - skipped
[1.163s] -- Detecting CXX compile features
[1.163s] -- Detecting CXX compile features - done
[1.197s] -- Found ament_cmake: 1.3.6 (/home/benjamin/ros2_humble/install/ament_cmake/share/ament_cmake/cmake)
[1.668s] -- Found Python3: /usr/bin/python3.10 (found version "3.10.12") found components: Interpreter 
[2.237s] -- Found rclcpp: 16.0.7 (/home/benjamin/ros2_humble/install/rclcpp/share/rclcpp/cmake)
[2.670s] -- Found rosidl_generator_c: 3.1.5 (/home/benjamin/ros2_humble/install/rosidl_generator_c/share/rosidl_generator_c/cmake)
[2.718s] -- Found rosidl_adapter: 3.1.5 (/home/benjamin/ros2_humble/install/rosidl_adapter/share/rosidl_adapter/cmake)
[2.791s] -- Found rosidl_generator_cpp: 3.1.5 (/home/benjamin/ros2_humble/install/rosidl_generator_cpp/share/rosidl_generator_cpp/cmake)
[2.903s] -- Using all available rosidl_typesupport_c: rosidl_typesupport_introspection_c;rosidl_typesupport_fastrtps_c
[3.031s] -- Using all available rosidl_typesupport_cpp: rosidl_typesupport_introspection_cpp;rosidl_typesupport_fastrtps_cpp
[3.365s] -- Found rmw_implementation_cmake: 6.1.1 (/home/benjamin/ros2_humble/install/rmw_implementation_cmake/share/rmw_implementation_cmake/cmake)
[3.418s] -- Found rmw_fastrtps_cpp: 6.2.5 (/home/benjamin/ros2_humble/install/rmw_fastrtps_cpp/share/rmw_fastrtps_cpp/cmake)
[3.895s] -- Found OpenSSL: /usr/lib/x86_64-linux-gnu/libcrypto.so (found version "3.0.2")  
[3.967s] -- Found FastRTPS: /home/benjamin/ros2_humble/install/fastrtps/include  
[4.101s] -- Using RMW implementation 'rmw_fastrtps_cpp' as default
[4.187s] -- Looking for pthread.h
[4.417s] -- Looking for pthread.h - found
[4.418s] -- Performing Test CMAKE_HAVE_LIBC_PTHREAD
[4.652s] -- Performing Test CMAKE_HAVE_LIBC_PTHREAD - Success
[4.653s] -- Found Threads: TRUE  
[4.962s] [31mCMake Error at CMakeLists.txt:12 (find_package):
[4.962s]   By not providing "Findbehaviortree_cpp_v3.cmake" in CMAKE_MODULE_PATH this
[4.962s]   project has asked CMake to find a package configuration file provided by
[4.962s]   "behaviortree_cpp_v3", but CMake did not find one.
[4.962s] 
[4.962s]   Could not find a package configuration file provided by
[4.962s]   "behaviortree_cpp_v3" with any of the following names:
[4.962s] 
[4.962s]     behaviortree_cpp_v3Config.cmake
[4.962s]     behaviortree_cpp_v3-config.cmake
[4.962s] 
[4.962s]   Add the installation prefix of "behaviortree_cpp_v3" to CMAKE_PREFIX_PATH
[4.962s]   or set "behaviortree_cpp_v3_DIR" to a directory containing one of the above
[4.962s]   files.  If "behaviortree_cpp_v3" provides a separate development package or
[4.962s]   SDK, be sure it has been installed.
[4.962s] 
[4.962s] [0m
[4.962s] -- Configuring incomplete, errors occurred!
[4.962s] See also "/home/benjamin/BT_ws/build/my_behavior_tree/CMakeFiles/CMakeOutput.log".
[4.968s] Invoked command in '/home/benjamin/BT_ws/build/my_behavior_tree' returned '1': /usr/bin/cmake /home/benjamin/BT_ws/src/my_behavior_tree -DCMAKE_INSTALL_PREFIX=/home/benjamin/BT_ws/install/my_behavior_tree
