[ 10%] Built target btcpp_ros2_interfaces__rosidl_generator_c
[ 12%] Built target btcpp_ros2_interfaces__cpp
[ 12%] Built target ament_cmake_python_copy_btcpp_ros2_interfaces
[ 34%] Built target btcpp_ros2_interfaces__rosidl_typesupport_c
[ 34%] Built target btcpp_ros2_interfaces__rosidl_typesupport_cpp
[ 44%] Built target btcpp_ros2_interfaces__rosidl_typesupport_introspection_cpp
[ 55%] Built target btcpp_ros2_interfaces__rosidl_typesupport_fastrtps_c
[ 65%] Built target btcpp_ros2_interfaces__rosidl_typesupport_fastrtps_cpp
[ 76%] Built target btcpp_ros2_interfaces__rosidl_typesupport_introspection_c
[ 76%] Built target btcpp_ros2_interfaces
[ 78%] Built target btcpp_ros2_interfaces__py
running egg_info
writing btcpp_ros2_interfaces.egg-info/PKG-INFO
writing dependency_links to btcpp_ros2_interfaces.egg-info/dependency_links.txt
writing top-level names to btcpp_ros2_interfaces.egg-info/top_level.txt
reading manifest file 'btcpp_ros2_interfaces.egg-info/SOURCES.txt'
writing manifest file 'btcpp_ros2_interfaces.egg-info/SOURCES.txt'
[ 87%] Built target btcpp_ros2_interfaces__rosidl_generator_py
[ 87%] Built target ament_cmake_python_build_btcpp_ros2_interfaces_egg
[ 91%] Built target btcpp_ros2_interfaces__rosidl_typesupport_c__pyext
[ 95%] Built target btcpp_ros2_interfaces__rosidl_typesupport_fastrtps_c__pyext
[100%] Built target btcpp_ros2_interfaces__rosidl_typesupport_introspection_c__pyext
